[2026-03-19T19:52:39.701+0000] {taskinstance.py:1157} INFO - Dependencies all met for dep_context=non-requeueable deps ti=<TaskInstance: ml_training_pipeline.model_training scheduled__2026-03-18T19:52:06.533623+00:00 [queued]>
[2026-03-19T19:52:39.712+0000] {taskinstance.py:1157} INFO - Dependencies all met for dep_context=requeueable deps ti=<TaskInstance: ml_training_pipeline.model_training scheduled__2026-03-18T19:52:06.533623+00:00 [queued]>
[2026-03-19T19:52:39.713+0000] {taskinstance.py:1359} INFO - Starting attempt 1 of 2
[2026-03-19T19:52:39.730+0000] {taskinstance.py:1380} INFO - Executing <Task(BashOperator): model_training> on 2026-03-18 19:52:06.533623+00:00
[2026-03-19T19:52:39.739+0000] {standard_task_runner.py:57} INFO - Started process 907 to run task
[2026-03-19T19:52:39.742+0000] {standard_task_runner.py:84} INFO - Running: ['***', 'tasks', 'run', 'ml_training_pipeline', 'model_training', 'scheduled__2026-03-18T19:52:06.533623+00:00', '--job-id', '7', '--raw', '--subdir', 'DAGS_FOLDER/ml_pipeline.py', '--cfg-path', '/tmp/tmppm6c2yfx']
[2026-03-19T19:52:39.744+0000] {standard_task_runner.py:85} INFO - Job 7: Subtask model_training
[2026-03-19T19:52:39.792+0000] {task_command.py:415} INFO - Running <TaskInstance: ml_training_pipeline.model_training scheduled__2026-03-18T19:52:06.533623+00:00 [running]> on host 086b84115a1e
[2026-03-19T19:52:39.881+0000] {taskinstance.py:1660} INFO - Exporting env vars: AIRFLOW_CTX_DAG_OWNER='***' AIRFLOW_CTX_DAG_ID='ml_training_pipeline' AIRFLOW_CTX_TASK_ID='model_training' AIRFLOW_CTX_EXECUTION_DATE='2026-03-18T19:52:06.533623+00:00' AIRFLOW_CTX_TRY_NUMBER='1' AIRFLOW_CTX_DAG_RUN_ID='scheduled__2026-03-18T19:52:06.533623+00:00'
[2026-03-19T19:52:39.882+0000] {subprocess.py:63} INFO - Tmp dir root location: /tmp
[2026-03-19T19:52:39.882+0000] {subprocess.py:75} INFO - Running command: ['/bin/bash', '-c', 'cd /opt/***/ml_project && python src/train.py data/prepared/train.csv data/prepared/test.csv data/models --ci']
[2026-03-19T19:52:39.895+0000] {subprocess.py:86} INFO - Output:
[2026-03-19T19:52:42.135+0000] {subprocess.py:93} INFO - WARNING:root:Malformed experiment '5'. Detailed error Yaml file '/opt/***/ml_project/mlruns/5/meta.yaml' does not exist.
[2026-03-19T19:52:42.136+0000] {subprocess.py:93} INFO - Traceback (most recent call last):
[2026-03-19T19:52:42.136+0000] {subprocess.py:93} INFO -   File "/home/***/.local/lib/python3.8/site-packages/mlflow/store/tracking/file_store.py", line 327, in search_experiments
[2026-03-19T19:52:42.136+0000] {subprocess.py:93} INFO -     exp = self._get_experiment(exp_id, view_type)
[2026-03-19T19:52:42.136+0000] {subprocess.py:93} INFO -   File "/home/***/.local/lib/python3.8/site-packages/mlflow/store/tracking/file_store.py", line 421, in _get_experiment
[2026-03-19T19:52:42.136+0000] {subprocess.py:93} INFO -     meta = FileStore._read_yaml(experiment_dir, FileStore.META_DATA_FILE_NAME)
[2026-03-19T19:52:42.136+0000] {subprocess.py:93} INFO -   File "/home/***/.local/lib/python3.8/site-packages/mlflow/store/tracking/file_store.py", line 1367, in _read_yaml
[2026-03-19T19:52:42.136+0000] {subprocess.py:93} INFO -     return _read_helper(root, file_name, attempts_remaining=retries)
[2026-03-19T19:52:42.136+0000] {subprocess.py:93} INFO -   File "/home/***/.local/lib/python3.8/site-packages/mlflow/store/tracking/file_store.py", line 1360, in _read_helper
[2026-03-19T19:52:42.136+0000] {subprocess.py:93} INFO -     result = read_yaml(root, file_name)
[2026-03-19T19:52:42.137+0000] {subprocess.py:93} INFO -   File "/home/***/.local/lib/python3.8/site-packages/mlflow/utils/file_utils.py", line 309, in read_yaml
[2026-03-19T19:52:42.137+0000] {subprocess.py:93} INFO -     raise MissingConfigException(f"Yaml file '{file_path}' does not exist.")
[2026-03-19T19:52:42.137+0000] {subprocess.py:93} INFO - mlflow.exceptions.MissingConfigException: Yaml file '/opt/***/ml_project/mlruns/5/meta.yaml' does not exist.
[2026-03-19T19:52:42.137+0000] {subprocess.py:93} INFO - WARNING:root:Malformed experiment '6'. Detailed error Yaml file '/opt/***/ml_project/mlruns/6/meta.yaml' does not exist.
[2026-03-19T19:52:42.137+0000] {subprocess.py:93} INFO - Traceback (most recent call last):
[2026-03-19T19:52:42.137+0000] {subprocess.py:93} INFO -   File "/home/***/.local/lib/python3.8/site-packages/mlflow/store/tracking/file_store.py", line 327, in search_experiments
[2026-03-19T19:52:42.137+0000] {subprocess.py:93} INFO -     exp = self._get_experiment(exp_id, view_type)
[2026-03-19T19:52:42.137+0000] {subprocess.py:93} INFO -   File "/home/***/.local/lib/python3.8/site-packages/mlflow/store/tracking/file_store.py", line 421, in _get_experiment
[2026-03-19T19:52:42.137+0000] {subprocess.py:93} INFO -     meta = FileStore._read_yaml(experiment_dir, FileStore.META_DATA_FILE_NAME)
[2026-03-19T19:52:42.137+0000] {subprocess.py:93} INFO -   File "/home/***/.local/lib/python3.8/site-packages/mlflow/store/tracking/file_store.py", line 1367, in _read_yaml
[2026-03-19T19:52:42.137+0000] {subprocess.py:93} INFO -     return _read_helper(root, file_name, attempts_remaining=retries)
[2026-03-19T19:52:42.137+0000] {subprocess.py:93} INFO -   File "/home/***/.local/lib/python3.8/site-packages/mlflow/store/tracking/file_store.py", line 1360, in _read_helper
[2026-03-19T19:52:42.138+0000] {subprocess.py:93} INFO -     result = read_yaml(root, file_name)
[2026-03-19T19:52:42.138+0000] {subprocess.py:93} INFO -   File "/home/***/.local/lib/python3.8/site-packages/mlflow/utils/file_utils.py", line 309, in read_yaml
[2026-03-19T19:52:42.138+0000] {subprocess.py:93} INFO -     raise MissingConfigException(f"Yaml file '{file_path}' does not exist.")
[2026-03-19T19:52:42.138+0000] {subprocess.py:93} INFO - mlflow.exceptions.MissingConfigException: Yaml file '/opt/***/ml_project/mlruns/6/meta.yaml' does not exist.
[2026-03-19T19:52:42.138+0000] {subprocess.py:93} INFO - WARNING:root:Malformed experiment '7'. Detailed error Yaml file '/opt/***/ml_project/mlruns/7/meta.yaml' does not exist.
[2026-03-19T19:52:42.138+0000] {subprocess.py:93} INFO - Traceback (most recent call last):
[2026-03-19T19:52:42.138+0000] {subprocess.py:93} INFO -   File "/home/***/.local/lib/python3.8/site-packages/mlflow/store/tracking/file_store.py", line 327, in search_experiments
[2026-03-19T19:52:42.138+0000] {subprocess.py:93} INFO -     exp = self._get_experiment(exp_id, view_type)
[2026-03-19T19:52:42.138+0000] {subprocess.py:93} INFO -   File "/home/***/.local/lib/python3.8/site-packages/mlflow/store/tracking/file_store.py", line 421, in _get_experiment
[2026-03-19T19:52:42.138+0000] {subprocess.py:93} INFO -     meta = FileStore._read_yaml(experiment_dir, FileStore.META_DATA_FILE_NAME)
[2026-03-19T19:52:42.138+0000] {subprocess.py:93} INFO -   File "/home/***/.local/lib/python3.8/site-packages/mlflow/store/tracking/file_store.py", line 1367, in _read_yaml
[2026-03-19T19:52:42.139+0000] {subprocess.py:93} INFO -     return _read_helper(root, file_name, attempts_remaining=retries)
[2026-03-19T19:52:42.139+0000] {subprocess.py:93} INFO -   File "/home/***/.local/lib/python3.8/site-packages/mlflow/store/tracking/file_store.py", line 1360, in _read_helper
[2026-03-19T19:52:42.139+0000] {subprocess.py:93} INFO -     result = read_yaml(root, file_name)
[2026-03-19T19:52:42.139+0000] {subprocess.py:93} INFO -   File "/home/***/.local/lib/python3.8/site-packages/mlflow/utils/file_utils.py", line 309, in read_yaml
[2026-03-19T19:52:42.139+0000] {subprocess.py:93} INFO -     raise MissingConfigException(f"Yaml file '{file_path}' does not exist.")
[2026-03-19T19:52:42.139+0000] {subprocess.py:93} INFO - mlflow.exceptions.MissingConfigException: Yaml file '/opt/***/ml_project/mlruns/7/meta.yaml' does not exist.
[2026-03-19T19:52:42.142+0000] {subprocess.py:93} INFO - 2026/03/19 19:52:42 INFO mlflow.tracking.fluent: Experiment with name 'XGBoost Stroke Prediction 2' does not exist. Creating a new experiment.
[2026-03-19T19:52:42.142+0000] {subprocess.py:93} INFO - WARNING:root:Malformed experiment '5'. Detailed error Yaml file '/opt/***/ml_project/mlruns/5/meta.yaml' does not exist.
[2026-03-19T19:52:42.142+0000] {subprocess.py:93} INFO - Traceback (most recent call last):
[2026-03-19T19:52:42.142+0000] {subprocess.py:93} INFO -   File "/home/***/.local/lib/python3.8/site-packages/mlflow/store/tracking/file_store.py", line 327, in search_experiments
[2026-03-19T19:52:42.142+0000] {subprocess.py:93} INFO -     exp = self._get_experiment(exp_id, view_type)
[2026-03-19T19:52:42.142+0000] {subprocess.py:93} INFO -   File "/home/***/.local/lib/python3.8/site-packages/mlflow/store/tracking/file_store.py", line 421, in _get_experiment
[2026-03-19T19:52:42.143+0000] {subprocess.py:93} INFO -     meta = FileStore._read_yaml(experiment_dir, FileStore.META_DATA_FILE_NAME)
[2026-03-19T19:52:42.143+0000] {subprocess.py:93} INFO -   File "/home/***/.local/lib/python3.8/site-packages/mlflow/store/tracking/file_store.py", line 1367, in _read_yaml
[2026-03-19T19:52:42.143+0000] {subprocess.py:93} INFO -     return _read_helper(root, file_name, attempts_remaining=retries)
[2026-03-19T19:52:42.143+0000] {subprocess.py:93} INFO -   File "/home/***/.local/lib/python3.8/site-packages/mlflow/store/tracking/file_store.py", line 1360, in _read_helper
[2026-03-19T19:52:42.143+0000] {subprocess.py:93} INFO -     result = read_yaml(root, file_name)
[2026-03-19T19:52:42.143+0000] {subprocess.py:93} INFO -   File "/home/***/.local/lib/python3.8/site-packages/mlflow/utils/file_utils.py", line 309, in read_yaml
[2026-03-19T19:52:42.143+0000] {subprocess.py:93} INFO -     raise MissingConfigException(f"Yaml file '{file_path}' does not exist.")
[2026-03-19T19:52:42.143+0000] {subprocess.py:93} INFO - mlflow.exceptions.MissingConfigException: Yaml file '/opt/***/ml_project/mlruns/5/meta.yaml' does not exist.
[2026-03-19T19:52:42.143+0000] {subprocess.py:93} INFO - WARNING:root:Malformed experiment '6'. Detailed error Yaml file '/opt/***/ml_project/mlruns/6/meta.yaml' does not exist.
[2026-03-19T19:52:42.143+0000] {subprocess.py:93} INFO - Traceback (most recent call last):
[2026-03-19T19:52:42.143+0000] {subprocess.py:93} INFO -   File "/home/***/.local/lib/python3.8/site-packages/mlflow/store/tracking/file_store.py", line 327, in search_experiments
[2026-03-19T19:52:42.144+0000] {subprocess.py:93} INFO -     exp = self._get_experiment(exp_id, view_type)
[2026-03-19T19:52:42.144+0000] {subprocess.py:93} INFO -   File "/home/***/.local/lib/python3.8/site-packages/mlflow/store/tracking/file_store.py", line 421, in _get_experiment
[2026-03-19T19:52:42.144+0000] {subprocess.py:93} INFO -     meta = FileStore._read_yaml(experiment_dir, FileStore.META_DATA_FILE_NAME)
[2026-03-19T19:52:42.144+0000] {subprocess.py:93} INFO -   File "/home/***/.local/lib/python3.8/site-packages/mlflow/store/tracking/file_store.py", line 1367, in _read_yaml
[2026-03-19T19:52:42.144+0000] {subprocess.py:93} INFO -     return _read_helper(root, file_name, attempts_remaining=retries)
[2026-03-19T19:52:42.144+0000] {subprocess.py:93} INFO -   File "/home/***/.local/lib/python3.8/site-packages/mlflow/store/tracking/file_store.py", line 1360, in _read_helper
[2026-03-19T19:52:42.144+0000] {subprocess.py:93} INFO -     result = read_yaml(root, file_name)
[2026-03-19T19:52:42.144+0000] {subprocess.py:93} INFO -   File "/home/***/.local/lib/python3.8/site-packages/mlflow/utils/file_utils.py", line 309, in read_yaml
[2026-03-19T19:52:42.144+0000] {subprocess.py:93} INFO -     raise MissingConfigException(f"Yaml file '{file_path}' does not exist.")
[2026-03-19T19:52:42.144+0000] {subprocess.py:93} INFO - mlflow.exceptions.MissingConfigException: Yaml file '/opt/***/ml_project/mlruns/6/meta.yaml' does not exist.
[2026-03-19T19:52:42.144+0000] {subprocess.py:93} INFO - WARNING:root:Malformed experiment '7'. Detailed error Yaml file '/opt/***/ml_project/mlruns/7/meta.yaml' does not exist.
[2026-03-19T19:52:42.145+0000] {subprocess.py:93} INFO - Traceback (most recent call last):
[2026-03-19T19:52:42.145+0000] {subprocess.py:93} INFO -   File "/home/***/.local/lib/python3.8/site-packages/mlflow/store/tracking/file_store.py", line 327, in search_experiments
[2026-03-19T19:52:42.145+0000] {subprocess.py:93} INFO -     exp = self._get_experiment(exp_id, view_type)
[2026-03-19T19:52:42.145+0000] {subprocess.py:93} INFO -   File "/home/***/.local/lib/python3.8/site-packages/mlflow/store/tracking/file_store.py", line 421, in _get_experiment
[2026-03-19T19:52:42.145+0000] {subprocess.py:93} INFO -     meta = FileStore._read_yaml(experiment_dir, FileStore.META_DATA_FILE_NAME)
[2026-03-19T19:52:42.145+0000] {subprocess.py:93} INFO -   File "/home/***/.local/lib/python3.8/site-packages/mlflow/store/tracking/file_store.py", line 1367, in _read_yaml
[2026-03-19T19:52:42.145+0000] {subprocess.py:93} INFO -     return _read_helper(root, file_name, attempts_remaining=retries)
[2026-03-19T19:52:42.145+0000] {subprocess.py:93} INFO -   File "/home/***/.local/lib/python3.8/site-packages/mlflow/store/tracking/file_store.py", line 1360, in _read_helper
[2026-03-19T19:52:42.145+0000] {subprocess.py:93} INFO -     result = read_yaml(root, file_name)
[2026-03-19T19:52:42.145+0000] {subprocess.py:93} INFO -   File "/home/***/.local/lib/python3.8/site-packages/mlflow/utils/file_utils.py", line 309, in read_yaml
[2026-03-19T19:52:42.145+0000] {subprocess.py:93} INFO -     raise MissingConfigException(f"Yaml file '{file_path}' does not exist.")
[2026-03-19T19:52:42.146+0000] {subprocess.py:93} INFO - mlflow.exceptions.MissingConfigException: Yaml file '/opt/***/ml_project/mlruns/7/meta.yaml' does not exist.
[2026-03-19T19:52:42.187+0000] {subprocess.py:93} INFO - 2026/03/19 19:52:42 WARNING mlflow.utils.git_utils: Failed to import Git (the Git executable is probably not on your PATH), so Git SHA is not available. Error: Failed to initialize: Bad git executable.
[2026-03-19T19:52:42.187+0000] {subprocess.py:93} INFO - The git executable must be specified in one of the following ways:
[2026-03-19T19:52:42.187+0000] {subprocess.py:93} INFO -     - be included in your $PATH
[2026-03-19T19:52:42.187+0000] {subprocess.py:93} INFO -     - be set via $GIT_PYTHON_GIT_EXECUTABLE
[2026-03-19T19:52:42.187+0000] {subprocess.py:93} INFO -     - explicitly set via git.refresh(<full-path-to-git-executable>)
[2026-03-19T19:52:42.188+0000] {subprocess.py:93} INFO - 
[2026-03-19T19:52:42.188+0000] {subprocess.py:93} INFO - All git commands will error until this is rectified.
[2026-03-19T19:52:42.188+0000] {subprocess.py:93} INFO - 
[2026-03-19T19:52:42.188+0000] {subprocess.py:93} INFO - This initial message can be silenced or aggravated in the future by setting the
[2026-03-19T19:52:42.188+0000] {subprocess.py:93} INFO - $GIT_PYTHON_REFRESH environment variable. Use one of the following values:
[2026-03-19T19:52:42.188+0000] {subprocess.py:93} INFO -     - quiet|q|silence|s|silent|none|n|0: for no message or exception
[2026-03-19T19:52:42.188+0000] {subprocess.py:93} INFO -     - warn|w|warning|log|l|1: for a warning message (logging level CRITICAL, displayed by default)
[2026-03-19T19:52:42.188+0000] {subprocess.py:93} INFO -     - error|e|exception|raise|r|2: for a raised exception
[2026-03-19T19:52:42.189+0000] {subprocess.py:93} INFO - 
[2026-03-19T19:52:42.189+0000] {subprocess.py:93} INFO - Example:
[2026-03-19T19:52:42.189+0000] {subprocess.py:93} INFO -     export GIT_PYTHON_REFRESH=quiet
[2026-03-19T19:52:42.189+0000] {subprocess.py:93} INFO - 
[2026-03-19T19:52:44.605+0000] {subprocess.py:93} INFO - /home/***/.local/lib/python3.8/site-packages/xgboost/core.py:158: UserWarning: [19:52:42] WARNING: /workspace/src/learner.cc:740:
[2026-03-19T19:52:44.605+0000] {subprocess.py:93} INFO - Parameters: { "use_label_encoder" } are not used.
[2026-03-19T19:52:44.605+0000] {subprocess.py:93} INFO - 
[2026-03-19T19:52:44.605+0000] {subprocess.py:93} INFO -   warnings.warn(smsg, UserWarning)
[2026-03-19T19:52:44.605+0000] {subprocess.py:93} INFO - 2026/03/19 19:52:44 WARNING mlflow.models.model: Model logged without a signature and input example. Please set `input_example` parameter when logging the model to auto infer the model signature.
[2026-03-19T19:52:44.818+0000] {subprocess.py:93} INFO - 
[2026-03-19T19:52:44.818+0000] {subprocess.py:93} INFO - ============================================================
[2026-03-19T19:52:44.818+0000] {subprocess.py:93} INFO - Depth = 2
[2026-03-19T19:52:44.818+0000] {subprocess.py:93} INFO - ============================================================
[2026-03-19T19:52:44.819+0000] {subprocess.py:93} INFO - Train Acc: 0.888 | Test Acc: 0.889
[2026-03-19T19:52:44.819+0000] {subprocess.py:93} INFO - Train F1: 0.352 | Test F1: 0.331
[2026-03-19T19:52:44.819+0000] {subprocess.py:93} INFO - Train Precision: 0.246 | Test Precision: 0.235
[2026-03-19T19:52:44.819+0000] {subprocess.py:93} INFO - Train Recall: 0.623 | Test Recall: 0.560
[2026-03-19T19:52:44.819+0000] {subprocess.py:93} INFO - Test ROC-AUC: 0.844
[2026-03-19T19:52:44.819+0000] {subprocess.py:93} INFO - CI mode enabled: stopping after first depth.
[2026-03-19T19:52:45.181+0000] {subprocess.py:97} INFO - Command exited with return code 0
[2026-03-19T19:52:45.209+0000] {taskinstance.py:1398} INFO - Marking task as SUCCESS. dag_id=ml_training_pipeline, task_id=model_training, execution_date=20260318T195206, start_date=20260319T195239, end_date=20260319T195245
[2026-03-19T19:52:45.247+0000] {local_task_job_runner.py:228} INFO - Task exited with return code 0
[2026-03-19T19:52:45.281+0000] {taskinstance.py:2776} INFO - 1 downstream tasks scheduled from follow-on schedule check
