[2026-03-19T19:29:15.500+0000] {processor.py:157} INFO - Started process (PID=171) to work on /opt/airflow/dags/ml_pipeline.py
[2026-03-19T19:29:15.502+0000] {processor.py:829} INFO - Processing file /opt/airflow/dags/ml_pipeline.py for tasks to queue
[2026-03-19T19:29:15.502+0000] {logging_mixin.py:151} INFO - [2026-03-19T19:29:15.502+0000] {dagbag.py:539} INFO - Filling up the DagBag from /opt/airflow/dags/ml_pipeline.py
[2026-03-19T19:29:15.506+0000] {logging_mixin.py:151} INFO - [2026-03-19T19:29:15.505+0000] {dagbag.py:347} ERROR - Failed to import: /opt/airflow/dags/ml_pipeline.py
Traceback (most recent call last):
  File "/home/airflow/.local/lib/python3.8/site-packages/airflow/models/dagbag.py", line 343, in parse
    loader.exec_module(new_module)
  File "<frozen importlib._bootstrap_external>", line 843, in exec_module
  File "<frozen importlib._bootstrap>", line 219, in _call_with_frames_removed
  File "/opt/airflow/dags/ml_pipeline.py", line 8, in <module>
    import mlflow
ModuleNotFoundError: No module named 'mlflow'
[2026-03-19T19:29:15.506+0000] {processor.py:841} WARNING - No viable dags retrieved from /opt/airflow/dags/ml_pipeline.py
[2026-03-19T19:29:15.527+0000] {processor.py:179} INFO - Processing /opt/airflow/dags/ml_pipeline.py took 0.032 seconds
[2026-03-19T19:29:45.673+0000] {processor.py:157} INFO - Started process (PID=201) to work on /opt/airflow/dags/ml_pipeline.py
[2026-03-19T19:29:45.673+0000] {processor.py:829} INFO - Processing file /opt/airflow/dags/ml_pipeline.py for tasks to queue
[2026-03-19T19:29:45.674+0000] {logging_mixin.py:151} INFO - [2026-03-19T19:29:45.673+0000] {dagbag.py:539} INFO - Filling up the DagBag from /opt/airflow/dags/ml_pipeline.py
[2026-03-19T19:29:45.677+0000] {logging_mixin.py:151} INFO - [2026-03-19T19:29:45.676+0000] {dagbag.py:347} ERROR - Failed to import: /opt/airflow/dags/ml_pipeline.py
Traceback (most recent call last):
  File "/home/airflow/.local/lib/python3.8/site-packages/airflow/models/dagbag.py", line 343, in parse
    loader.exec_module(new_module)
  File "<frozen importlib._bootstrap_external>", line 843, in exec_module
  File "<frozen importlib._bootstrap>", line 219, in _call_with_frames_removed
  File "/opt/airflow/dags/ml_pipeline.py", line 8, in <module>
    import mlflow
ModuleNotFoundError: No module named 'mlflow'
[2026-03-19T19:29:45.677+0000] {processor.py:841} WARNING - No viable dags retrieved from /opt/airflow/dags/ml_pipeline.py
[2026-03-19T19:29:45.695+0000] {processor.py:179} INFO - Processing /opt/airflow/dags/ml_pipeline.py took 0.025 seconds
[2026-03-19T19:30:15.862+0000] {processor.py:157} INFO - Started process (PID=230) to work on /opt/airflow/dags/ml_pipeline.py
[2026-03-19T19:30:15.863+0000] {processor.py:829} INFO - Processing file /opt/airflow/dags/ml_pipeline.py for tasks to queue
[2026-03-19T19:30:15.864+0000] {logging_mixin.py:151} INFO - [2026-03-19T19:30:15.863+0000] {dagbag.py:539} INFO - Filling up the DagBag from /opt/airflow/dags/ml_pipeline.py
[2026-03-19T19:30:15.866+0000] {logging_mixin.py:151} INFO - [2026-03-19T19:30:15.866+0000] {dagbag.py:347} ERROR - Failed to import: /opt/airflow/dags/ml_pipeline.py
Traceback (most recent call last):
  File "/home/airflow/.local/lib/python3.8/site-packages/airflow/models/dagbag.py", line 343, in parse
    loader.exec_module(new_module)
  File "<frozen importlib._bootstrap_external>", line 843, in exec_module
  File "<frozen importlib._bootstrap>", line 219, in _call_with_frames_removed
  File "/opt/airflow/dags/ml_pipeline.py", line 8, in <module>
    import mlflow
ModuleNotFoundError: No module named 'mlflow'
[2026-03-19T19:30:15.867+0000] {processor.py:841} WARNING - No viable dags retrieved from /opt/airflow/dags/ml_pipeline.py
[2026-03-19T19:30:15.886+0000] {processor.py:179} INFO - Processing /opt/airflow/dags/ml_pipeline.py took 0.026 seconds
[2026-03-19T19:30:46.041+0000] {processor.py:157} INFO - Started process (PID=251) to work on /opt/airflow/dags/ml_pipeline.py
[2026-03-19T19:30:46.042+0000] {processor.py:829} INFO - Processing file /opt/airflow/dags/ml_pipeline.py for tasks to queue
[2026-03-19T19:30:46.043+0000] {logging_mixin.py:151} INFO - [2026-03-19T19:30:46.042+0000] {dagbag.py:539} INFO - Filling up the DagBag from /opt/airflow/dags/ml_pipeline.py
[2026-03-19T19:30:46.046+0000] {logging_mixin.py:151} INFO - [2026-03-19T19:30:46.045+0000] {dagbag.py:347} ERROR - Failed to import: /opt/airflow/dags/ml_pipeline.py
Traceback (most recent call last):
  File "/home/airflow/.local/lib/python3.8/site-packages/airflow/models/dagbag.py", line 343, in parse
    loader.exec_module(new_module)
  File "<frozen importlib._bootstrap_external>", line 843, in exec_module
  File "<frozen importlib._bootstrap>", line 219, in _call_with_frames_removed
  File "/opt/airflow/dags/ml_pipeline.py", line 8, in <module>
    import mlflow
ModuleNotFoundError: No module named 'mlflow'
[2026-03-19T19:30:46.046+0000] {processor.py:841} WARNING - No viable dags retrieved from /opt/airflow/dags/ml_pipeline.py
[2026-03-19T19:30:46.063+0000] {processor.py:179} INFO - Processing /opt/airflow/dags/ml_pipeline.py took 0.026 seconds
[2026-03-19T19:32:36.559+0000] {processor.py:157} INFO - Started process (PID=263) to work on /opt/airflow/dags/ml_pipeline.py
[2026-03-19T19:32:36.560+0000] {processor.py:829} INFO - Processing file /opt/airflow/dags/ml_pipeline.py for tasks to queue
[2026-03-19T19:32:36.561+0000] {logging_mixin.py:151} INFO - [2026-03-19T19:32:36.560+0000] {dagbag.py:539} INFO - Filling up the DagBag from /opt/airflow/dags/ml_pipeline.py
[2026-03-19T19:32:38.251+0000] {processor.py:839} INFO - DAG(s) dict_keys(['ml_training_pipeline']) retrieved from /opt/airflow/dags/ml_pipeline.py
[2026-03-19T19:32:38.596+0000] {logging_mixin.py:151} INFO - [2026-03-19T19:32:38.596+0000] {manager.py:499} INFO - Created Permission View: %s
[2026-03-19T19:32:38.610+0000] {logging_mixin.py:151} INFO - [2026-03-19T19:32:38.610+0000] {manager.py:499} INFO - Created Permission View: %s
[2026-03-19T19:32:38.627+0000] {logging_mixin.py:151} INFO - [2026-03-19T19:32:38.626+0000] {manager.py:499} INFO - Created Permission View: %s
[2026-03-19T19:32:38.627+0000] {logging_mixin.py:151} INFO - [2026-03-19T19:32:38.627+0000] {security.py:708} INFO - Not syncing DAG-level permissions for DAG 'DAG:ml_training_pipeline' as access control is unset.
[2026-03-19T19:32:38.627+0000] {logging_mixin.py:151} INFO - [2026-03-19T19:32:38.627+0000] {dag.py:2915} INFO - Sync 1 DAGs
[2026-03-19T19:32:38.637+0000] {logging_mixin.py:151} INFO - [2026-03-19T19:32:38.637+0000] {dag.py:2937} INFO - Creating ORM DAG for ml_training_pipeline
[2026-03-19T19:32:38.645+0000] {logging_mixin.py:151} INFO - [2026-03-19T19:32:38.645+0000] {dag.py:3696} INFO - Setting next_dagrun for ml_training_pipeline to 2026-03-18T19:32:38.645457+00:00, run_after=2026-03-19T19:32:38.645457+00:00
[2026-03-19T19:32:38.663+0000] {processor.py:179} INFO - Processing /opt/airflow/dags/ml_pipeline.py took 2.106 seconds
[2026-03-19T19:33:08.773+0000] {processor.py:157} INFO - Started process (PID=299) to work on /opt/airflow/dags/ml_pipeline.py
[2026-03-19T19:33:08.775+0000] {processor.py:829} INFO - Processing file /opt/airflow/dags/ml_pipeline.py for tasks to queue
[2026-03-19T19:33:08.776+0000] {logging_mixin.py:151} INFO - [2026-03-19T19:33:08.776+0000] {dagbag.py:539} INFO - Filling up the DagBag from /opt/airflow/dags/ml_pipeline.py
[2026-03-19T19:33:09.216+0000] {processor.py:839} INFO - DAG(s) dict_keys(['ml_training_pipeline']) retrieved from /opt/airflow/dags/ml_pipeline.py
[2026-03-19T19:33:09.240+0000] {logging_mixin.py:151} INFO - [2026-03-19T19:33:09.240+0000] {dag.py:2915} INFO - Sync 1 DAGs
[2026-03-19T19:33:09.318+0000] {logging_mixin.py:151} INFO - [2026-03-19T19:33:09.317+0000] {dag.py:3696} INFO - Setting next_dagrun for ml_training_pipeline to 2026-03-18T19:33:09.317802+00:00, run_after=2026-03-19T19:33:09.317802+00:00
[2026-03-19T19:33:09.334+0000] {processor.py:179} INFO - Processing /opt/airflow/dags/ml_pipeline.py took 0.565 seconds
[2026-03-19T19:33:39.516+0000] {processor.py:157} INFO - Started process (PID=343) to work on /opt/airflow/dags/ml_pipeline.py
[2026-03-19T19:33:39.516+0000] {processor.py:829} INFO - Processing file /opt/airflow/dags/ml_pipeline.py for tasks to queue
[2026-03-19T19:33:39.517+0000] {logging_mixin.py:151} INFO - [2026-03-19T19:33:39.517+0000] {dagbag.py:539} INFO - Filling up the DagBag from /opt/airflow/dags/ml_pipeline.py
[2026-03-19T19:33:39.965+0000] {processor.py:839} INFO - DAG(s) dict_keys(['ml_training_pipeline']) retrieved from /opt/airflow/dags/ml_pipeline.py
[2026-03-19T19:33:40.051+0000] {logging_mixin.py:151} INFO - [2026-03-19T19:33:40.051+0000] {dag.py:2915} INFO - Sync 1 DAGs
[2026-03-19T19:33:40.063+0000] {logging_mixin.py:151} INFO - [2026-03-19T19:33:40.063+0000] {dag.py:3696} INFO - Setting next_dagrun for ml_training_pipeline to 2026-03-18T19:33:40.063375+00:00, run_after=2026-03-19T19:33:40.063375+00:00
[2026-03-19T19:33:40.078+0000] {processor.py:179} INFO - Processing /opt/airflow/dags/ml_pipeline.py took 0.565 seconds
[2026-03-19T19:34:10.208+0000] {processor.py:157} INFO - Started process (PID=387) to work on /opt/airflow/dags/ml_pipeline.py
[2026-03-19T19:34:10.208+0000] {processor.py:829} INFO - Processing file /opt/airflow/dags/ml_pipeline.py for tasks to queue
[2026-03-19T19:34:10.209+0000] {logging_mixin.py:151} INFO - [2026-03-19T19:34:10.208+0000] {dagbag.py:539} INFO - Filling up the DagBag from /opt/airflow/dags/ml_pipeline.py
[2026-03-19T19:34:10.654+0000] {processor.py:839} INFO - DAG(s) dict_keys(['ml_training_pipeline']) retrieved from /opt/airflow/dags/ml_pipeline.py
[2026-03-19T19:34:10.742+0000] {logging_mixin.py:151} INFO - [2026-03-19T19:34:10.741+0000] {dag.py:2915} INFO - Sync 1 DAGs
[2026-03-19T19:34:10.752+0000] {logging_mixin.py:151} INFO - [2026-03-19T19:34:10.752+0000] {dag.py:3696} INFO - Setting next_dagrun for ml_training_pipeline to 2026-03-18T19:34:10.752280+00:00, run_after=2026-03-19T19:34:10.752280+00:00
[2026-03-19T19:34:10.767+0000] {processor.py:179} INFO - Processing /opt/airflow/dags/ml_pipeline.py took 0.561 seconds
[2026-03-19T19:34:41.052+0000] {processor.py:157} INFO - Started process (PID=432) to work on /opt/airflow/dags/ml_pipeline.py
[2026-03-19T19:34:41.053+0000] {processor.py:829} INFO - Processing file /opt/airflow/dags/ml_pipeline.py for tasks to queue
[2026-03-19T19:34:41.053+0000] {logging_mixin.py:151} INFO - [2026-03-19T19:34:41.053+0000] {dagbag.py:539} INFO - Filling up the DagBag from /opt/airflow/dags/ml_pipeline.py
[2026-03-19T19:34:41.523+0000] {processor.py:839} INFO - DAG(s) dict_keys(['ml_training_pipeline']) retrieved from /opt/airflow/dags/ml_pipeline.py
[2026-03-19T19:34:41.542+0000] {logging_mixin.py:151} INFO - [2026-03-19T19:34:41.542+0000] {dag.py:2915} INFO - Sync 1 DAGs
[2026-03-19T19:34:41.556+0000] {logging_mixin.py:151} INFO - [2026-03-19T19:34:41.556+0000] {dag.py:3696} INFO - Setting next_dagrun for ml_training_pipeline to 2026-03-18T19:34:41.556195+00:00, run_after=2026-03-19T19:34:41.556195+00:00
[2026-03-19T19:34:41.569+0000] {processor.py:179} INFO - Processing /opt/airflow/dags/ml_pipeline.py took 0.523 seconds
[2026-03-19T19:35:11.757+0000] {processor.py:157} INFO - Started process (PID=468) to work on /opt/airflow/dags/ml_pipeline.py
[2026-03-19T19:35:11.760+0000] {processor.py:829} INFO - Processing file /opt/airflow/dags/ml_pipeline.py for tasks to queue
[2026-03-19T19:35:11.761+0000] {logging_mixin.py:151} INFO - [2026-03-19T19:35:11.760+0000] {dagbag.py:539} INFO - Filling up the DagBag from /opt/airflow/dags/ml_pipeline.py
[2026-03-19T19:35:12.137+0000] {processor.py:839} INFO - DAG(s) dict_keys(['ml_training_pipeline']) retrieved from /opt/airflow/dags/ml_pipeline.py
[2026-03-19T19:35:12.160+0000] {logging_mixin.py:151} INFO - [2026-03-19T19:35:12.160+0000] {dag.py:2915} INFO - Sync 1 DAGs
[2026-03-19T19:35:12.172+0000] {logging_mixin.py:151} INFO - [2026-03-19T19:35:12.171+0000] {dag.py:3696} INFO - Setting next_dagrun for ml_training_pipeline to 2026-03-18T19:35:12.171844+00:00, run_after=2026-03-19T19:35:12.171844+00:00
[2026-03-19T19:35:12.266+0000] {processor.py:179} INFO - Processing /opt/airflow/dags/ml_pipeline.py took 0.515 seconds
[2026-03-19T19:35:42.473+0000] {processor.py:157} INFO - Started process (PID=512) to work on /opt/airflow/dags/ml_pipeline.py
[2026-03-19T19:35:42.476+0000] {processor.py:829} INFO - Processing file /opt/airflow/dags/ml_pipeline.py for tasks to queue
[2026-03-19T19:35:42.477+0000] {logging_mixin.py:151} INFO - [2026-03-19T19:35:42.477+0000] {dagbag.py:539} INFO - Filling up the DagBag from /opt/airflow/dags/ml_pipeline.py
[2026-03-19T19:35:42.871+0000] {processor.py:839} INFO - DAG(s) dict_keys(['ml_training_pipeline']) retrieved from /opt/airflow/dags/ml_pipeline.py
[2026-03-19T19:35:42.893+0000] {logging_mixin.py:151} INFO - [2026-03-19T19:35:42.892+0000] {dag.py:2915} INFO - Sync 1 DAGs
[2026-03-19T19:35:42.988+0000] {logging_mixin.py:151} INFO - [2026-03-19T19:35:42.988+0000] {dag.py:3696} INFO - Setting next_dagrun for ml_training_pipeline to 2026-03-18T19:35:42.988119+00:00, run_after=2026-03-19T19:35:42.988119+00:00
[2026-03-19T19:35:43.002+0000] {processor.py:179} INFO - Processing /opt/airflow/dags/ml_pipeline.py took 0.533 seconds
[2026-03-19T19:36:13.096+0000] {processor.py:157} INFO - Started process (PID=556) to work on /opt/airflow/dags/ml_pipeline.py
[2026-03-19T19:36:13.096+0000] {processor.py:829} INFO - Processing file /opt/airflow/dags/ml_pipeline.py for tasks to queue
[2026-03-19T19:36:13.097+0000] {logging_mixin.py:151} INFO - [2026-03-19T19:36:13.097+0000] {dagbag.py:539} INFO - Filling up the DagBag from /opt/airflow/dags/ml_pipeline.py
[2026-03-19T19:36:13.497+0000] {processor.py:839} INFO - DAG(s) dict_keys(['ml_training_pipeline']) retrieved from /opt/airflow/dags/ml_pipeline.py
[2026-03-19T19:36:13.599+0000] {logging_mixin.py:151} INFO - [2026-03-19T19:36:13.599+0000] {dag.py:2915} INFO - Sync 1 DAGs
[2026-03-19T19:36:13.612+0000] {logging_mixin.py:151} INFO - [2026-03-19T19:36:13.612+0000] {dag.py:3696} INFO - Setting next_dagrun for ml_training_pipeline to 2026-03-18T19:36:13.612304+00:00, run_after=2026-03-19T19:36:13.612304+00:00
[2026-03-19T19:36:13.627+0000] {processor.py:179} INFO - Processing /opt/airflow/dags/ml_pipeline.py took 0.534 seconds
[2026-03-19T19:36:43.817+0000] {processor.py:157} INFO - Started process (PID=600) to work on /opt/airflow/dags/ml_pipeline.py
[2026-03-19T19:36:43.819+0000] {processor.py:829} INFO - Processing file /opt/airflow/dags/ml_pipeline.py for tasks to queue
[2026-03-19T19:36:43.820+0000] {logging_mixin.py:151} INFO - [2026-03-19T19:36:43.820+0000] {dagbag.py:539} INFO - Filling up the DagBag from /opt/airflow/dags/ml_pipeline.py
[2026-03-19T19:36:44.223+0000] {processor.py:839} INFO - DAG(s) dict_keys(['ml_training_pipeline']) retrieved from /opt/airflow/dags/ml_pipeline.py
[2026-03-19T19:36:44.340+0000] {logging_mixin.py:151} INFO - [2026-03-19T19:36:44.340+0000] {dag.py:2915} INFO - Sync 1 DAGs
[2026-03-19T19:36:44.356+0000] {logging_mixin.py:151} INFO - [2026-03-19T19:36:44.356+0000] {dag.py:3696} INFO - Setting next_dagrun for ml_training_pipeline to 2026-03-18T19:36:44.356095+00:00, run_after=2026-03-19T19:36:44.356095+00:00
[2026-03-19T19:36:44.370+0000] {processor.py:179} INFO - Processing /opt/airflow/dags/ml_pipeline.py took 0.557 seconds
[2026-03-19T19:37:14.523+0000] {processor.py:157} INFO - Started process (PID=636) to work on /opt/airflow/dags/ml_pipeline.py
[2026-03-19T19:37:14.525+0000] {processor.py:829} INFO - Processing file /opt/airflow/dags/ml_pipeline.py for tasks to queue
[2026-03-19T19:37:14.526+0000] {logging_mixin.py:151} INFO - [2026-03-19T19:37:14.526+0000] {dagbag.py:539} INFO - Filling up the DagBag from /opt/airflow/dags/ml_pipeline.py
[2026-03-19T19:37:14.990+0000] {processor.py:839} INFO - DAG(s) dict_keys(['ml_training_pipeline']) retrieved from /opt/airflow/dags/ml_pipeline.py
[2026-03-19T19:37:15.009+0000] {logging_mixin.py:151} INFO - [2026-03-19T19:37:15.009+0000] {dag.py:2915} INFO - Sync 1 DAGs
[2026-03-19T19:37:15.020+0000] {logging_mixin.py:151} INFO - [2026-03-19T19:37:15.020+0000] {dag.py:3696} INFO - Setting next_dagrun for ml_training_pipeline to 2026-03-18T19:37:15.020303+00:00, run_after=2026-03-19T19:37:15.020303+00:00
[2026-03-19T19:37:15.033+0000] {processor.py:179} INFO - Processing /opt/airflow/dags/ml_pipeline.py took 0.514 seconds
[2026-03-19T19:37:45.212+0000] {processor.py:157} INFO - Started process (PID=838) to work on /opt/airflow/dags/ml_pipeline.py
[2026-03-19T19:37:45.212+0000] {processor.py:829} INFO - Processing file /opt/airflow/dags/ml_pipeline.py for tasks to queue
[2026-03-19T19:37:45.213+0000] {logging_mixin.py:151} INFO - [2026-03-19T19:37:45.213+0000] {dagbag.py:539} INFO - Filling up the DagBag from /opt/airflow/dags/ml_pipeline.py
[2026-03-19T19:37:45.646+0000] {processor.py:839} INFO - DAG(s) dict_keys(['ml_training_pipeline']) retrieved from /opt/airflow/dags/ml_pipeline.py
[2026-03-19T19:37:45.668+0000] {logging_mixin.py:151} INFO - [2026-03-19T19:37:45.668+0000] {dag.py:2915} INFO - Sync 1 DAGs
[2026-03-19T19:37:45.681+0000] {logging_mixin.py:151} INFO - [2026-03-19T19:37:45.681+0000] {dag.py:3696} INFO - Setting next_dagrun for ml_training_pipeline to 2026-03-19T19:37:15.020303+00:00, run_after=2026-03-20T19:37:15.020303+00:00
[2026-03-19T19:37:45.776+0000] {processor.py:179} INFO - Processing /opt/airflow/dags/ml_pipeline.py took 0.569 seconds
[2026-03-19T19:38:15.890+0000] {processor.py:157} INFO - Started process (PID=882) to work on /opt/airflow/dags/ml_pipeline.py
[2026-03-19T19:38:15.890+0000] {processor.py:829} INFO - Processing file /opt/airflow/dags/ml_pipeline.py for tasks to queue
[2026-03-19T19:38:15.891+0000] {logging_mixin.py:151} INFO - [2026-03-19T19:38:15.891+0000] {dagbag.py:539} INFO - Filling up the DagBag from /opt/airflow/dags/ml_pipeline.py
[2026-03-19T19:38:16.286+0000] {processor.py:839} INFO - DAG(s) dict_keys(['ml_training_pipeline']) retrieved from /opt/airflow/dags/ml_pipeline.py
[2026-03-19T19:38:16.307+0000] {logging_mixin.py:151} INFO - [2026-03-19T19:38:16.307+0000] {dag.py:2915} INFO - Sync 1 DAGs
[2026-03-19T19:38:16.403+0000] {logging_mixin.py:151} INFO - [2026-03-19T19:38:16.403+0000] {dag.py:3696} INFO - Setting next_dagrun for ml_training_pipeline to 2026-03-19T19:37:15.020303+00:00, run_after=2026-03-20T19:37:15.020303+00:00
[2026-03-19T19:38:16.427+0000] {processor.py:179} INFO - Processing /opt/airflow/dags/ml_pipeline.py took 0.542 seconds
[2026-03-19T19:38:46.623+0000] {processor.py:157} INFO - Started process (PID=926) to work on /opt/airflow/dags/ml_pipeline.py
[2026-03-19T19:38:46.624+0000] {processor.py:829} INFO - Processing file /opt/airflow/dags/ml_pipeline.py for tasks to queue
[2026-03-19T19:38:46.624+0000] {logging_mixin.py:151} INFO - [2026-03-19T19:38:46.624+0000] {dagbag.py:539} INFO - Filling up the DagBag from /opt/airflow/dags/ml_pipeline.py
[2026-03-19T19:38:47.083+0000] {processor.py:839} INFO - DAG(s) dict_keys(['ml_training_pipeline']) retrieved from /opt/airflow/dags/ml_pipeline.py
[2026-03-19T19:38:47.108+0000] {logging_mixin.py:151} INFO - [2026-03-19T19:38:47.107+0000] {dag.py:2915} INFO - Sync 1 DAGs
[2026-03-19T19:38:47.229+0000] {logging_mixin.py:151} INFO - [2026-03-19T19:38:47.229+0000] {dag.py:3696} INFO - Setting next_dagrun for ml_training_pipeline to 2026-03-19T19:37:15.020303+00:00, run_after=2026-03-20T19:37:15.020303+00:00
[2026-03-19T19:38:47.248+0000] {processor.py:179} INFO - Processing /opt/airflow/dags/ml_pipeline.py took 0.628 seconds
[2026-03-19T19:39:17.428+0000] {processor.py:157} INFO - Started process (PID=962) to work on /opt/airflow/dags/ml_pipeline.py
[2026-03-19T19:39:17.429+0000] {processor.py:829} INFO - Processing file /opt/airflow/dags/ml_pipeline.py for tasks to queue
[2026-03-19T19:39:17.430+0000] {logging_mixin.py:151} INFO - [2026-03-19T19:39:17.429+0000] {dagbag.py:539} INFO - Filling up the DagBag from /opt/airflow/dags/ml_pipeline.py
[2026-03-19T19:39:17.816+0000] {processor.py:839} INFO - DAG(s) dict_keys(['ml_training_pipeline']) retrieved from /opt/airflow/dags/ml_pipeline.py
[2026-03-19T19:39:17.915+0000] {logging_mixin.py:151} INFO - [2026-03-19T19:39:17.915+0000] {dag.py:2915} INFO - Sync 1 DAGs
[2026-03-19T19:39:17.931+0000] {logging_mixin.py:151} INFO - [2026-03-19T19:39:17.930+0000] {dag.py:3696} INFO - Setting next_dagrun for ml_training_pipeline to 2026-03-19T19:37:15.020303+00:00, run_after=2026-03-20T19:37:15.020303+00:00
[2026-03-19T19:39:17.946+0000] {processor.py:179} INFO - Processing /opt/airflow/dags/ml_pipeline.py took 0.521 seconds
[2026-03-19T19:39:48.144+0000] {processor.py:157} INFO - Started process (PID=1006) to work on /opt/airflow/dags/ml_pipeline.py
[2026-03-19T19:39:48.145+0000] {processor.py:829} INFO - Processing file /opt/airflow/dags/ml_pipeline.py for tasks to queue
[2026-03-19T19:39:48.145+0000] {logging_mixin.py:151} INFO - [2026-03-19T19:39:48.145+0000] {dagbag.py:539} INFO - Filling up the DagBag from /opt/airflow/dags/ml_pipeline.py
[2026-03-19T19:39:48.536+0000] {processor.py:839} INFO - DAG(s) dict_keys(['ml_training_pipeline']) retrieved from /opt/airflow/dags/ml_pipeline.py
[2026-03-19T19:39:48.641+0000] {logging_mixin.py:151} INFO - [2026-03-19T19:39:48.641+0000] {dag.py:2915} INFO - Sync 1 DAGs
[2026-03-19T19:39:48.655+0000] {logging_mixin.py:151} INFO - [2026-03-19T19:39:48.655+0000] {dag.py:3696} INFO - Setting next_dagrun for ml_training_pipeline to 2026-03-19T19:37:15.020303+00:00, run_after=2026-03-20T19:37:15.020303+00:00
[2026-03-19T19:39:48.672+0000] {processor.py:179} INFO - Processing /opt/airflow/dags/ml_pipeline.py took 0.530 seconds
[2026-03-19T19:40:18.738+0000] {processor.py:157} INFO - Started process (PID=1050) to work on /opt/airflow/dags/ml_pipeline.py
[2026-03-19T19:40:18.739+0000] {processor.py:829} INFO - Processing file /opt/airflow/dags/ml_pipeline.py for tasks to queue
[2026-03-19T19:40:18.740+0000] {logging_mixin.py:151} INFO - [2026-03-19T19:40:18.740+0000] {dagbag.py:539} INFO - Filling up the DagBag from /opt/airflow/dags/ml_pipeline.py
[2026-03-19T19:40:19.277+0000] {processor.py:839} INFO - DAG(s) dict_keys(['ml_training_pipeline']) retrieved from /opt/airflow/dags/ml_pipeline.py
[2026-03-19T19:40:19.296+0000] {logging_mixin.py:151} INFO - [2026-03-19T19:40:19.296+0000] {dag.py:2915} INFO - Sync 1 DAGs
[2026-03-19T19:40:19.314+0000] {logging_mixin.py:151} INFO - [2026-03-19T19:40:19.313+0000] {dag.py:3696} INFO - Setting next_dagrun for ml_training_pipeline to 2026-03-19T19:37:15.020303+00:00, run_after=2026-03-20T19:37:15.020303+00:00
[2026-03-19T19:40:19.334+0000] {processor.py:179} INFO - Processing /opt/airflow/dags/ml_pipeline.py took 0.601 seconds
[2026-03-19T19:40:49.520+0000] {processor.py:157} INFO - Started process (PID=1086) to work on /opt/airflow/dags/ml_pipeline.py
[2026-03-19T19:40:49.521+0000] {processor.py:829} INFO - Processing file /opt/airflow/dags/ml_pipeline.py for tasks to queue
[2026-03-19T19:40:49.521+0000] {logging_mixin.py:151} INFO - [2026-03-19T19:40:49.521+0000] {dagbag.py:539} INFO - Filling up the DagBag from /opt/airflow/dags/ml_pipeline.py
[2026-03-19T19:40:50.063+0000] {processor.py:839} INFO - DAG(s) dict_keys(['ml_training_pipeline']) retrieved from /opt/airflow/dags/ml_pipeline.py
[2026-03-19T19:40:50.082+0000] {logging_mixin.py:151} INFO - [2026-03-19T19:40:50.082+0000] {dag.py:2915} INFO - Sync 1 DAGs
[2026-03-19T19:40:50.114+0000] {logging_mixin.py:151} INFO - [2026-03-19T19:40:50.114+0000] {dag.py:3696} INFO - Setting next_dagrun for ml_training_pipeline to 2026-03-19T19:37:15.020303+00:00, run_after=2026-03-20T19:37:15.020303+00:00
[2026-03-19T19:40:50.128+0000] {processor.py:179} INFO - Processing /opt/airflow/dags/ml_pipeline.py took 0.612 seconds
[2026-03-19T19:41:20.287+0000] {processor.py:157} INFO - Started process (PID=1130) to work on /opt/airflow/dags/ml_pipeline.py
[2026-03-19T19:41:20.289+0000] {processor.py:829} INFO - Processing file /opt/airflow/dags/ml_pipeline.py for tasks to queue
[2026-03-19T19:41:20.290+0000] {logging_mixin.py:151} INFO - [2026-03-19T19:41:20.290+0000] {dagbag.py:539} INFO - Filling up the DagBag from /opt/airflow/dags/ml_pipeline.py
[2026-03-19T19:41:20.668+0000] {processor.py:839} INFO - DAG(s) dict_keys(['ml_training_pipeline']) retrieved from /opt/airflow/dags/ml_pipeline.py
[2026-03-19T19:41:20.690+0000] {logging_mixin.py:151} INFO - [2026-03-19T19:41:20.690+0000] {dag.py:2915} INFO - Sync 1 DAGs
[2026-03-19T19:41:20.787+0000] {logging_mixin.py:151} INFO - [2026-03-19T19:41:20.787+0000] {dag.py:3696} INFO - Setting next_dagrun for ml_training_pipeline to 2026-03-19T19:37:15.020303+00:00, run_after=2026-03-20T19:37:15.020303+00:00
[2026-03-19T19:41:20.803+0000] {processor.py:179} INFO - Processing /opt/airflow/dags/ml_pipeline.py took 0.519 seconds
[2026-03-19T19:41:51.006+0000] {processor.py:157} INFO - Started process (PID=1174) to work on /opt/airflow/dags/ml_pipeline.py
[2026-03-19T19:41:51.007+0000] {processor.py:829} INFO - Processing file /opt/airflow/dags/ml_pipeline.py for tasks to queue
[2026-03-19T19:41:51.008+0000] {logging_mixin.py:151} INFO - [2026-03-19T19:41:51.007+0000] {dagbag.py:539} INFO - Filling up the DagBag from /opt/airflow/dags/ml_pipeline.py
[2026-03-19T19:41:51.467+0000] {processor.py:839} INFO - DAG(s) dict_keys(['ml_training_pipeline']) retrieved from /opt/airflow/dags/ml_pipeline.py
[2026-03-19T19:41:51.486+0000] {logging_mixin.py:151} INFO - [2026-03-19T19:41:51.486+0000] {dag.py:2915} INFO - Sync 1 DAGs
[2026-03-19T19:41:51.497+0000] {logging_mixin.py:151} INFO - [2026-03-19T19:41:51.497+0000] {dag.py:3696} INFO - Setting next_dagrun for ml_training_pipeline to 2026-03-19T19:37:15.020303+00:00, run_after=2026-03-20T19:37:15.020303+00:00
[2026-03-19T19:41:51.512+0000] {processor.py:179} INFO - Processing /opt/airflow/dags/ml_pipeline.py took 0.510 seconds
[2026-03-19T19:42:21.620+0000] {processor.py:157} INFO - Started process (PID=1218) to work on /opt/airflow/dags/ml_pipeline.py
[2026-03-19T19:42:21.620+0000] {processor.py:829} INFO - Processing file /opt/airflow/dags/ml_pipeline.py for tasks to queue
[2026-03-19T19:42:21.621+0000] {logging_mixin.py:151} INFO - [2026-03-19T19:42:21.620+0000] {dagbag.py:539} INFO - Filling up the DagBag from /opt/airflow/dags/ml_pipeline.py
[2026-03-19T19:42:21.997+0000] {processor.py:839} INFO - DAG(s) dict_keys(['ml_training_pipeline']) retrieved from /opt/airflow/dags/ml_pipeline.py
[2026-03-19T19:42:22.103+0000] {logging_mixin.py:151} INFO - [2026-03-19T19:42:22.102+0000] {dag.py:2915} INFO - Sync 1 DAGs
[2026-03-19T19:42:22.114+0000] {logging_mixin.py:151} INFO - [2026-03-19T19:42:22.114+0000] {dag.py:3696} INFO - Setting next_dagrun for ml_training_pipeline to 2026-03-19T19:37:15.020303+00:00, run_after=2026-03-20T19:37:15.020303+00:00
[2026-03-19T19:42:22.129+0000] {processor.py:179} INFO - Processing /opt/airflow/dags/ml_pipeline.py took 0.512 seconds
[2026-03-19T19:42:52.312+0000] {processor.py:157} INFO - Started process (PID=1370) to work on /opt/airflow/dags/ml_pipeline.py
[2026-03-19T19:42:52.315+0000] {processor.py:829} INFO - Processing file /opt/airflow/dags/ml_pipeline.py for tasks to queue
[2026-03-19T19:42:52.316+0000] {logging_mixin.py:151} INFO - [2026-03-19T19:42:52.315+0000] {dagbag.py:539} INFO - Filling up the DagBag from /opt/airflow/dags/ml_pipeline.py
[2026-03-19T19:42:52.699+0000] {processor.py:839} INFO - DAG(s) dict_keys(['ml_training_pipeline']) retrieved from /opt/airflow/dags/ml_pipeline.py
[2026-03-19T19:42:52.814+0000] {logging_mixin.py:151} INFO - [2026-03-19T19:42:52.814+0000] {dag.py:2915} INFO - Sync 1 DAGs
[2026-03-19T19:42:52.829+0000] {logging_mixin.py:151} INFO - [2026-03-19T19:42:52.829+0000] {dag.py:3696} INFO - Setting next_dagrun for ml_training_pipeline to 2026-03-19T19:37:15.020303+00:00, run_after=2026-03-20T19:37:15.020303+00:00
[2026-03-19T19:42:52.845+0000] {processor.py:179} INFO - Processing /opt/airflow/dags/ml_pipeline.py took 0.537 seconds
[2026-03-19T19:43:23.029+0000] {processor.py:157} INFO - Started process (PID=1414) to work on /opt/airflow/dags/ml_pipeline.py
[2026-03-19T19:43:23.030+0000] {processor.py:829} INFO - Processing file /opt/airflow/dags/ml_pipeline.py for tasks to queue
[2026-03-19T19:43:23.031+0000] {logging_mixin.py:151} INFO - [2026-03-19T19:43:23.031+0000] {dagbag.py:539} INFO - Filling up the DagBag from /opt/airflow/dags/ml_pipeline.py
[2026-03-19T19:43:23.542+0000] {processor.py:839} INFO - DAG(s) dict_keys(['ml_training_pipeline']) retrieved from /opt/airflow/dags/ml_pipeline.py
[2026-03-19T19:43:23.559+0000] {logging_mixin.py:151} INFO - [2026-03-19T19:43:23.558+0000] {dag.py:2915} INFO - Sync 1 DAGs
[2026-03-19T19:43:23.570+0000] {logging_mixin.py:151} INFO - [2026-03-19T19:43:23.570+0000] {dag.py:3696} INFO - Setting next_dagrun for ml_training_pipeline to 2026-03-19T19:37:15.020303+00:00, run_after=2026-03-20T19:37:15.020303+00:00
[2026-03-19T19:43:23.583+0000] {processor.py:179} INFO - Processing /opt/airflow/dags/ml_pipeline.py took 0.557 seconds
[2026-03-19T19:43:53.770+0000] {processor.py:157} INFO - Started process (PID=1458) to work on /opt/airflow/dags/ml_pipeline.py
[2026-03-19T19:43:53.773+0000] {processor.py:829} INFO - Processing file /opt/airflow/dags/ml_pipeline.py for tasks to queue
[2026-03-19T19:43:53.774+0000] {logging_mixin.py:151} INFO - [2026-03-19T19:43:53.773+0000] {dagbag.py:539} INFO - Filling up the DagBag from /opt/airflow/dags/ml_pipeline.py
[2026-03-19T19:43:54.273+0000] {processor.py:839} INFO - DAG(s) dict_keys(['ml_training_pipeline']) retrieved from /opt/airflow/dags/ml_pipeline.py
[2026-03-19T19:43:54.294+0000] {logging_mixin.py:151} INFO - [2026-03-19T19:43:54.294+0000] {dag.py:2915} INFO - Sync 1 DAGs
[2026-03-19T19:43:54.308+0000] {logging_mixin.py:151} INFO - [2026-03-19T19:43:54.307+0000] {dag.py:3696} INFO - Setting next_dagrun for ml_training_pipeline to 2026-03-19T19:37:15.020303+00:00, run_after=2026-03-20T19:37:15.020303+00:00
[2026-03-19T19:43:54.327+0000] {processor.py:179} INFO - Processing /opt/airflow/dags/ml_pipeline.py took 0.561 seconds
[2026-03-19T19:44:24.513+0000] {processor.py:157} INFO - Started process (PID=1502) to work on /opt/airflow/dags/ml_pipeline.py
[2026-03-19T19:44:24.515+0000] {processor.py:829} INFO - Processing file /opt/airflow/dags/ml_pipeline.py for tasks to queue
[2026-03-19T19:44:24.516+0000] {logging_mixin.py:151} INFO - [2026-03-19T19:44:24.516+0000] {dagbag.py:539} INFO - Filling up the DagBag from /opt/airflow/dags/ml_pipeline.py
[2026-03-19T19:44:24.981+0000] {processor.py:839} INFO - DAG(s) dict_keys(['ml_training_pipeline']) retrieved from /opt/airflow/dags/ml_pipeline.py
[2026-03-19T19:44:24.999+0000] {logging_mixin.py:151} INFO - [2026-03-19T19:44:24.999+0000] {dag.py:2915} INFO - Sync 1 DAGs
[2026-03-19T19:44:25.017+0000] {logging_mixin.py:151} INFO - [2026-03-19T19:44:25.017+0000] {dag.py:3696} INFO - Setting next_dagrun for ml_training_pipeline to 2026-03-19T19:37:15.020303+00:00, run_after=2026-03-20T19:37:15.020303+00:00
[2026-03-19T19:44:25.032+0000] {processor.py:179} INFO - Processing /opt/airflow/dags/ml_pipeline.py took 0.524 seconds
[2026-03-19T19:47:59.399+0000] {processor.py:157} INFO - Started process (PID=386) to work on /opt/airflow/dags/ml_pipeline.py
[2026-03-19T19:47:59.400+0000] {processor.py:829} INFO - Processing file /opt/airflow/dags/ml_pipeline.py for tasks to queue
[2026-03-19T19:47:59.401+0000] {logging_mixin.py:151} INFO - [2026-03-19T19:47:59.400+0000] {dagbag.py:539} INFO - Filling up the DagBag from /opt/airflow/dags/ml_pipeline.py
[2026-03-19T19:48:00.629+0000] {processor.py:839} INFO - DAG(s) dict_keys(['ml_training_pipeline']) retrieved from /opt/airflow/dags/ml_pipeline.py
[2026-03-19T19:48:00.850+0000] {logging_mixin.py:151} INFO - [2026-03-19T19:48:00.850+0000] {manager.py:499} INFO - Created Permission View: %s
[2026-03-19T19:48:00.862+0000] {logging_mixin.py:151} INFO - [2026-03-19T19:48:00.862+0000] {manager.py:499} INFO - Created Permission View: %s
[2026-03-19T19:48:00.872+0000] {logging_mixin.py:151} INFO - [2026-03-19T19:48:00.872+0000] {manager.py:499} INFO - Created Permission View: %s
[2026-03-19T19:48:00.873+0000] {logging_mixin.py:151} INFO - [2026-03-19T19:48:00.872+0000] {security.py:708} INFO - Not syncing DAG-level permissions for DAG 'DAG:ml_training_pipeline' as access control is unset.
[2026-03-19T19:48:00.873+0000] {logging_mixin.py:151} INFO - [2026-03-19T19:48:00.873+0000] {dag.py:2915} INFO - Sync 1 DAGs
[2026-03-19T19:48:00.886+0000] {logging_mixin.py:151} INFO - [2026-03-19T19:48:00.886+0000] {dag.py:2937} INFO - Creating ORM DAG for ml_training_pipeline
[2026-03-19T19:48:00.892+0000] {logging_mixin.py:151} INFO - [2026-03-19T19:48:00.891+0000] {dag.py:3696} INFO - Setting next_dagrun for ml_training_pipeline to 2026-03-18T19:48:00.891895+00:00, run_after=2026-03-19T19:48:00.891895+00:00
[2026-03-19T19:48:00.910+0000] {processor.py:179} INFO - Processing /opt/airflow/dags/ml_pipeline.py took 1.513 seconds
[2026-03-19T19:48:31.063+0000] {processor.py:157} INFO - Started process (PID=422) to work on /opt/airflow/dags/ml_pipeline.py
[2026-03-19T19:48:31.066+0000] {processor.py:829} INFO - Processing file /opt/airflow/dags/ml_pipeline.py for tasks to queue
[2026-03-19T19:48:31.066+0000] {logging_mixin.py:151} INFO - [2026-03-19T19:48:31.066+0000] {dagbag.py:539} INFO - Filling up the DagBag from /opt/airflow/dags/ml_pipeline.py
[2026-03-19T19:48:31.627+0000] {processor.py:839} INFO - DAG(s) dict_keys(['ml_training_pipeline']) retrieved from /opt/airflow/dags/ml_pipeline.py
[2026-03-19T19:48:31.647+0000] {logging_mixin.py:151} INFO - [2026-03-19T19:48:31.647+0000] {dag.py:2915} INFO - Sync 1 DAGs
[2026-03-19T19:48:31.665+0000] {logging_mixin.py:151} INFO - [2026-03-19T19:48:31.665+0000] {dag.py:3696} INFO - Setting next_dagrun for ml_training_pipeline to 2026-03-18T19:48:31.664909+00:00, run_after=2026-03-19T19:48:31.664909+00:00
[2026-03-19T19:48:31.683+0000] {processor.py:179} INFO - Processing /opt/airflow/dags/ml_pipeline.py took 0.622 seconds
[2026-03-19T19:49:01.824+0000] {processor.py:157} INFO - Started process (PID=466) to work on /opt/airflow/dags/ml_pipeline.py
[2026-03-19T19:49:01.826+0000] {processor.py:829} INFO - Processing file /opt/airflow/dags/ml_pipeline.py for tasks to queue
[2026-03-19T19:49:01.827+0000] {logging_mixin.py:151} INFO - [2026-03-19T19:49:01.827+0000] {dagbag.py:539} INFO - Filling up the DagBag from /opt/airflow/dags/ml_pipeline.py
[2026-03-19T19:49:02.311+0000] {processor.py:839} INFO - DAG(s) dict_keys(['ml_training_pipeline']) retrieved from /opt/airflow/dags/ml_pipeline.py
[2026-03-19T19:49:02.326+0000] {logging_mixin.py:151} INFO - [2026-03-19T19:49:02.325+0000] {dag.py:2915} INFO - Sync 1 DAGs
[2026-03-19T19:49:02.337+0000] {logging_mixin.py:151} INFO - [2026-03-19T19:49:02.336+0000] {dag.py:3696} INFO - Setting next_dagrun for ml_training_pipeline to 2026-03-18T19:49:02.336848+00:00, run_after=2026-03-19T19:49:02.336848+00:00
[2026-03-19T19:49:02.349+0000] {processor.py:179} INFO - Processing /opt/airflow/dags/ml_pipeline.py took 0.530 seconds
[2026-03-19T19:49:32.547+0000] {processor.py:157} INFO - Started process (PID=510) to work on /opt/airflow/dags/ml_pipeline.py
[2026-03-19T19:49:32.548+0000] {processor.py:829} INFO - Processing file /opt/airflow/dags/ml_pipeline.py for tasks to queue
[2026-03-19T19:49:32.548+0000] {logging_mixin.py:151} INFO - [2026-03-19T19:49:32.548+0000] {dagbag.py:539} INFO - Filling up the DagBag from /opt/airflow/dags/ml_pipeline.py
[2026-03-19T19:49:33.042+0000] {processor.py:839} INFO - DAG(s) dict_keys(['ml_training_pipeline']) retrieved from /opt/airflow/dags/ml_pipeline.py
[2026-03-19T19:49:33.062+0000] {logging_mixin.py:151} INFO - [2026-03-19T19:49:33.062+0000] {dag.py:2915} INFO - Sync 1 DAGs
[2026-03-19T19:49:33.072+0000] {logging_mixin.py:151} INFO - [2026-03-19T19:49:33.072+0000] {dag.py:3696} INFO - Setting next_dagrun for ml_training_pipeline to 2026-03-18T19:49:33.072627+00:00, run_after=2026-03-19T19:49:33.072627+00:00
[2026-03-19T19:49:33.085+0000] {processor.py:179} INFO - Processing /opt/airflow/dags/ml_pipeline.py took 0.540 seconds
[2026-03-19T19:50:03.187+0000] {processor.py:157} INFO - Started process (PID=554) to work on /opt/airflow/dags/ml_pipeline.py
[2026-03-19T19:50:03.187+0000] {processor.py:829} INFO - Processing file /opt/airflow/dags/ml_pipeline.py for tasks to queue
[2026-03-19T19:50:03.188+0000] {logging_mixin.py:151} INFO - [2026-03-19T19:50:03.187+0000] {dagbag.py:539} INFO - Filling up the DagBag from /opt/airflow/dags/ml_pipeline.py
[2026-03-19T19:50:03.660+0000] {processor.py:839} INFO - DAG(s) dict_keys(['ml_training_pipeline']) retrieved from /opt/airflow/dags/ml_pipeline.py
[2026-03-19T19:50:03.679+0000] {logging_mixin.py:151} INFO - [2026-03-19T19:50:03.678+0000] {dag.py:2915} INFO - Sync 1 DAGs
[2026-03-19T19:50:03.689+0000] {logging_mixin.py:151} INFO - [2026-03-19T19:50:03.689+0000] {dag.py:3696} INFO - Setting next_dagrun for ml_training_pipeline to 2026-03-18T19:50:03.689261+00:00, run_after=2026-03-19T19:50:03.689261+00:00
[2026-03-19T19:50:03.702+0000] {processor.py:179} INFO - Processing /opt/airflow/dags/ml_pipeline.py took 0.517 seconds
[2026-03-19T19:50:33.908+0000] {processor.py:157} INFO - Started process (PID=591) to work on /opt/airflow/dags/ml_pipeline.py
[2026-03-19T19:50:33.911+0000] {processor.py:829} INFO - Processing file /opt/airflow/dags/ml_pipeline.py for tasks to queue
[2026-03-19T19:50:33.912+0000] {logging_mixin.py:151} INFO - [2026-03-19T19:50:33.912+0000] {dagbag.py:539} INFO - Filling up the DagBag from /opt/airflow/dags/ml_pipeline.py
[2026-03-19T19:50:34.383+0000] {processor.py:839} INFO - DAG(s) dict_keys(['ml_training_pipeline']) retrieved from /opt/airflow/dags/ml_pipeline.py
[2026-03-19T19:50:34.404+0000] {logging_mixin.py:151} INFO - [2026-03-19T19:50:34.404+0000] {dag.py:2915} INFO - Sync 1 DAGs
[2026-03-19T19:50:34.418+0000] {logging_mixin.py:151} INFO - [2026-03-19T19:50:34.418+0000] {dag.py:3696} INFO - Setting next_dagrun for ml_training_pipeline to 2026-03-18T19:50:34.418001+00:00, run_after=2026-03-19T19:50:34.418001+00:00
[2026-03-19T19:50:34.432+0000] {processor.py:179} INFO - Processing /opt/airflow/dags/ml_pipeline.py took 0.528 seconds
[2026-03-19T19:51:04.628+0000] {processor.py:157} INFO - Started process (PID=635) to work on /opt/airflow/dags/ml_pipeline.py
[2026-03-19T19:51:04.631+0000] {processor.py:829} INFO - Processing file /opt/airflow/dags/ml_pipeline.py for tasks to queue
[2026-03-19T19:51:04.631+0000] {logging_mixin.py:151} INFO - [2026-03-19T19:51:04.631+0000] {dagbag.py:539} INFO - Filling up the DagBag from /opt/airflow/dags/ml_pipeline.py
[2026-03-19T19:51:05.100+0000] {processor.py:839} INFO - DAG(s) dict_keys(['ml_training_pipeline']) retrieved from /opt/airflow/dags/ml_pipeline.py
[2026-03-19T19:51:05.119+0000] {logging_mixin.py:151} INFO - [2026-03-19T19:51:05.119+0000] {dag.py:2915} INFO - Sync 1 DAGs
[2026-03-19T19:51:05.135+0000] {logging_mixin.py:151} INFO - [2026-03-19T19:51:05.135+0000] {dag.py:3696} INFO - Setting next_dagrun for ml_training_pipeline to 2026-03-18T19:51:05.135183+00:00, run_after=2026-03-19T19:51:05.135183+00:00
[2026-03-19T19:51:05.150+0000] {processor.py:179} INFO - Processing /opt/airflow/dags/ml_pipeline.py took 0.527 seconds
[2026-03-19T19:51:35.284+0000] {processor.py:157} INFO - Started process (PID=679) to work on /opt/airflow/dags/ml_pipeline.py
[2026-03-19T19:51:35.285+0000] {processor.py:829} INFO - Processing file /opt/airflow/dags/ml_pipeline.py for tasks to queue
[2026-03-19T19:51:35.285+0000] {logging_mixin.py:151} INFO - [2026-03-19T19:51:35.285+0000] {dagbag.py:539} INFO - Filling up the DagBag from /opt/airflow/dags/ml_pipeline.py
[2026-03-19T19:51:35.754+0000] {processor.py:839} INFO - DAG(s) dict_keys(['ml_training_pipeline']) retrieved from /opt/airflow/dags/ml_pipeline.py
[2026-03-19T19:51:35.774+0000] {logging_mixin.py:151} INFO - [2026-03-19T19:51:35.774+0000] {dag.py:2915} INFO - Sync 1 DAGs
[2026-03-19T19:51:35.791+0000] {logging_mixin.py:151} INFO - [2026-03-19T19:51:35.791+0000] {dag.py:3696} INFO - Setting next_dagrun for ml_training_pipeline to 2026-03-18T19:51:35.790929+00:00, run_after=2026-03-19T19:51:35.790929+00:00
[2026-03-19T19:51:35.806+0000] {processor.py:179} INFO - Processing /opt/airflow/dags/ml_pipeline.py took 0.525 seconds
[2026-03-19T19:52:06.012+0000] {processor.py:157} INFO - Started process (PID=723) to work on /opt/airflow/dags/ml_pipeline.py
[2026-03-19T19:52:06.014+0000] {processor.py:829} INFO - Processing file /opt/airflow/dags/ml_pipeline.py for tasks to queue
[2026-03-19T19:52:06.015+0000] {logging_mixin.py:151} INFO - [2026-03-19T19:52:06.015+0000] {dagbag.py:539} INFO - Filling up the DagBag from /opt/airflow/dags/ml_pipeline.py
[2026-03-19T19:52:06.498+0000] {processor.py:839} INFO - DAG(s) dict_keys(['ml_training_pipeline']) retrieved from /opt/airflow/dags/ml_pipeline.py
[2026-03-19T19:52:06.518+0000] {logging_mixin.py:151} INFO - [2026-03-19T19:52:06.518+0000] {dag.py:2915} INFO - Sync 1 DAGs
[2026-03-19T19:52:06.534+0000] {logging_mixin.py:151} INFO - [2026-03-19T19:52:06.533+0000] {dag.py:3696} INFO - Setting next_dagrun for ml_training_pipeline to 2026-03-18T19:52:06.533623+00:00, run_after=2026-03-19T19:52:06.533623+00:00
[2026-03-19T19:52:06.550+0000] {processor.py:179} INFO - Processing /opt/airflow/dags/ml_pipeline.py took 0.541 seconds
[2026-03-19T19:52:36.676+0000] {processor.py:157} INFO - Started process (PID=827) to work on /opt/airflow/dags/ml_pipeline.py
[2026-03-19T19:52:36.677+0000] {processor.py:829} INFO - Processing file /opt/airflow/dags/ml_pipeline.py for tasks to queue
[2026-03-19T19:52:36.677+0000] {logging_mixin.py:151} INFO - [2026-03-19T19:52:36.677+0000] {dagbag.py:539} INFO - Filling up the DagBag from /opt/airflow/dags/ml_pipeline.py
[2026-03-19T19:52:37.240+0000] {processor.py:839} INFO - DAG(s) dict_keys(['ml_training_pipeline']) retrieved from /opt/airflow/dags/ml_pipeline.py
[2026-03-19T19:52:37.259+0000] {logging_mixin.py:151} INFO - [2026-03-19T19:52:37.259+0000] {dag.py:2915} INFO - Sync 1 DAGs
[2026-03-19T19:52:37.277+0000] {logging_mixin.py:151} INFO - [2026-03-19T19:52:37.277+0000] {dag.py:3696} INFO - Setting next_dagrun for ml_training_pipeline to 2026-03-19T19:52:06.533623+00:00, run_after=2026-03-20T19:52:06.533623+00:00
[2026-03-19T19:52:37.297+0000] {processor.py:179} INFO - Processing /opt/airflow/dags/ml_pipeline.py took 0.625 seconds
[2026-03-19T19:53:07.493+0000] {processor.py:157} INFO - Started process (PID=1080) to work on /opt/airflow/dags/ml_pipeline.py
[2026-03-19T19:53:07.495+0000] {processor.py:829} INFO - Processing file /opt/airflow/dags/ml_pipeline.py for tasks to queue
[2026-03-19T19:53:07.496+0000] {logging_mixin.py:151} INFO - [2026-03-19T19:53:07.496+0000] {dagbag.py:539} INFO - Filling up the DagBag from /opt/airflow/dags/ml_pipeline.py
[2026-03-19T19:53:07.977+0000] {processor.py:839} INFO - DAG(s) dict_keys(['ml_training_pipeline']) retrieved from /opt/airflow/dags/ml_pipeline.py
[2026-03-19T19:53:07.999+0000] {logging_mixin.py:151} INFO - [2026-03-19T19:53:07.999+0000] {dag.py:2915} INFO - Sync 1 DAGs
[2026-03-19T19:53:08.013+0000] {logging_mixin.py:151} INFO - [2026-03-19T19:53:08.013+0000] {dag.py:3696} INFO - Setting next_dagrun for ml_training_pipeline to 2026-03-19T19:52:06.533623+00:00, run_after=2026-03-20T19:52:06.533623+00:00
[2026-03-19T19:53:08.028+0000] {processor.py:179} INFO - Processing /opt/airflow/dags/ml_pipeline.py took 0.539 seconds
[2026-03-19T19:53:38.208+0000] {processor.py:157} INFO - Started process (PID=1124) to work on /opt/airflow/dags/ml_pipeline.py
[2026-03-19T19:53:38.210+0000] {processor.py:829} INFO - Processing file /opt/airflow/dags/ml_pipeline.py for tasks to queue
[2026-03-19T19:53:38.211+0000] {logging_mixin.py:151} INFO - [2026-03-19T19:53:38.210+0000] {dagbag.py:539} INFO - Filling up the DagBag from /opt/airflow/dags/ml_pipeline.py
[2026-03-19T19:53:38.716+0000] {processor.py:839} INFO - DAG(s) dict_keys(['ml_training_pipeline']) retrieved from /opt/airflow/dags/ml_pipeline.py
[2026-03-19T19:53:38.734+0000] {logging_mixin.py:151} INFO - [2026-03-19T19:53:38.734+0000] {dag.py:2915} INFO - Sync 1 DAGs
[2026-03-19T19:53:38.745+0000] {logging_mixin.py:151} INFO - [2026-03-19T19:53:38.745+0000] {dag.py:3696} INFO - Setting next_dagrun for ml_training_pipeline to 2026-03-19T19:52:06.533623+00:00, run_after=2026-03-20T19:52:06.533623+00:00
[2026-03-19T19:53:38.759+0000] {processor.py:179} INFO - Processing /opt/airflow/dags/ml_pipeline.py took 0.556 seconds
[2026-03-19T19:54:08.954+0000] {processor.py:157} INFO - Started process (PID=1168) to work on /opt/airflow/dags/ml_pipeline.py
[2026-03-19T19:54:08.956+0000] {processor.py:829} INFO - Processing file /opt/airflow/dags/ml_pipeline.py for tasks to queue
[2026-03-19T19:54:08.957+0000] {logging_mixin.py:151} INFO - [2026-03-19T19:54:08.957+0000] {dagbag.py:539} INFO - Filling up the DagBag from /opt/airflow/dags/ml_pipeline.py
[2026-03-19T19:54:09.491+0000] {processor.py:839} INFO - DAG(s) dict_keys(['ml_training_pipeline']) retrieved from /opt/airflow/dags/ml_pipeline.py
[2026-03-19T19:54:09.510+0000] {logging_mixin.py:151} INFO - [2026-03-19T19:54:09.510+0000] {dag.py:2915} INFO - Sync 1 DAGs
[2026-03-19T19:54:09.527+0000] {logging_mixin.py:151} INFO - [2026-03-19T19:54:09.527+0000] {dag.py:3696} INFO - Setting next_dagrun for ml_training_pipeline to 2026-03-19T19:52:06.533623+00:00, run_after=2026-03-20T19:52:06.533623+00:00
[2026-03-19T19:54:09.544+0000] {processor.py:179} INFO - Processing /opt/airflow/dags/ml_pipeline.py took 0.593 seconds
[2026-03-19T19:54:39.735+0000] {processor.py:157} INFO - Started process (PID=1204) to work on /opt/airflow/dags/ml_pipeline.py
[2026-03-19T19:54:39.738+0000] {processor.py:829} INFO - Processing file /opt/airflow/dags/ml_pipeline.py for tasks to queue
[2026-03-19T19:54:39.739+0000] {logging_mixin.py:151} INFO - [2026-03-19T19:54:39.738+0000] {dagbag.py:539} INFO - Filling up the DagBag from /opt/airflow/dags/ml_pipeline.py
[2026-03-19T19:54:40.236+0000] {processor.py:839} INFO - DAG(s) dict_keys(['ml_training_pipeline']) retrieved from /opt/airflow/dags/ml_pipeline.py
[2026-03-19T19:54:40.253+0000] {logging_mixin.py:151} INFO - [2026-03-19T19:54:40.253+0000] {dag.py:2915} INFO - Sync 1 DAGs
[2026-03-19T19:54:40.269+0000] {logging_mixin.py:151} INFO - [2026-03-19T19:54:40.268+0000] {dag.py:3696} INFO - Setting next_dagrun for ml_training_pipeline to 2026-03-19T19:52:06.533623+00:00, run_after=2026-03-20T19:52:06.533623+00:00
[2026-03-19T19:54:40.286+0000] {processor.py:179} INFO - Processing /opt/airflow/dags/ml_pipeline.py took 0.555 seconds
[2026-03-19T19:55:10.467+0000] {processor.py:157} INFO - Started process (PID=1248) to work on /opt/airflow/dags/ml_pipeline.py
[2026-03-19T19:55:10.468+0000] {processor.py:829} INFO - Processing file /opt/airflow/dags/ml_pipeline.py for tasks to queue
[2026-03-19T19:55:10.469+0000] {logging_mixin.py:151} INFO - [2026-03-19T19:55:10.469+0000] {dagbag.py:539} INFO - Filling up the DagBag from /opt/airflow/dags/ml_pipeline.py
[2026-03-19T19:55:10.962+0000] {processor.py:839} INFO - DAG(s) dict_keys(['ml_training_pipeline']) retrieved from /opt/airflow/dags/ml_pipeline.py
[2026-03-19T19:55:10.982+0000] {logging_mixin.py:151} INFO - [2026-03-19T19:55:10.982+0000] {dag.py:2915} INFO - Sync 1 DAGs
[2026-03-19T19:55:10.993+0000] {logging_mixin.py:151} INFO - [2026-03-19T19:55:10.993+0000] {dag.py:3696} INFO - Setting next_dagrun for ml_training_pipeline to 2026-03-19T19:52:06.533623+00:00, run_after=2026-03-20T19:52:06.533623+00:00
[2026-03-19T19:55:11.009+0000] {processor.py:179} INFO - Processing /opt/airflow/dags/ml_pipeline.py took 0.546 seconds
[2026-03-19T19:55:41.055+0000] {processor.py:157} INFO - Started process (PID=1292) to work on /opt/airflow/dags/ml_pipeline.py
[2026-03-19T19:55:41.056+0000] {processor.py:829} INFO - Processing file /opt/airflow/dags/ml_pipeline.py for tasks to queue
[2026-03-19T19:55:41.056+0000] {logging_mixin.py:151} INFO - [2026-03-19T19:55:41.056+0000] {dagbag.py:539} INFO - Filling up the DagBag from /opt/airflow/dags/ml_pipeline.py
[2026-03-19T19:55:41.541+0000] {processor.py:839} INFO - DAG(s) dict_keys(['ml_training_pipeline']) retrieved from /opt/airflow/dags/ml_pipeline.py
[2026-03-19T19:55:41.563+0000] {logging_mixin.py:151} INFO - [2026-03-19T19:55:41.562+0000] {dag.py:2915} INFO - Sync 1 DAGs
[2026-03-19T19:55:41.581+0000] {logging_mixin.py:151} INFO - [2026-03-19T19:55:41.580+0000] {dag.py:3696} INFO - Setting next_dagrun for ml_training_pipeline to 2026-03-19T19:52:06.533623+00:00, run_after=2026-03-20T19:52:06.533623+00:00
[2026-03-19T19:55:41.600+0000] {processor.py:179} INFO - Processing /opt/airflow/dags/ml_pipeline.py took 0.550 seconds
[2026-03-19T19:56:11.779+0000] {processor.py:157} INFO - Started process (PID=1328) to work on /opt/airflow/dags/ml_pipeline.py
[2026-03-19T19:56:11.780+0000] {processor.py:829} INFO - Processing file /opt/airflow/dags/ml_pipeline.py for tasks to queue
[2026-03-19T19:56:11.780+0000] {logging_mixin.py:151} INFO - [2026-03-19T19:56:11.780+0000] {dagbag.py:539} INFO - Filling up the DagBag from /opt/airflow/dags/ml_pipeline.py
[2026-03-19T19:56:12.263+0000] {processor.py:839} INFO - DAG(s) dict_keys(['ml_training_pipeline']) retrieved from /opt/airflow/dags/ml_pipeline.py
[2026-03-19T19:56:12.284+0000] {logging_mixin.py:151} INFO - [2026-03-19T19:56:12.284+0000] {dag.py:2915} INFO - Sync 1 DAGs
[2026-03-19T19:56:12.300+0000] {logging_mixin.py:151} INFO - [2026-03-19T19:56:12.300+0000] {dag.py:3696} INFO - Setting next_dagrun for ml_training_pipeline to 2026-03-19T19:52:06.533623+00:00, run_after=2026-03-20T19:52:06.533623+00:00
[2026-03-19T19:56:12.318+0000] {processor.py:179} INFO - Processing /opt/airflow/dags/ml_pipeline.py took 0.542 seconds
[2026-03-19T19:56:42.506+0000] {processor.py:157} INFO - Started process (PID=1372) to work on /opt/airflow/dags/ml_pipeline.py
[2026-03-19T19:56:42.506+0000] {processor.py:829} INFO - Processing file /opt/airflow/dags/ml_pipeline.py for tasks to queue
[2026-03-19T19:56:42.507+0000] {logging_mixin.py:151} INFO - [2026-03-19T19:56:42.507+0000] {dagbag.py:539} INFO - Filling up the DagBag from /opt/airflow/dags/ml_pipeline.py
[2026-03-19T19:56:43.029+0000] {processor.py:839} INFO - DAG(s) dict_keys(['ml_training_pipeline']) retrieved from /opt/airflow/dags/ml_pipeline.py
[2026-03-19T19:56:43.044+0000] {logging_mixin.py:151} INFO - [2026-03-19T19:56:43.044+0000] {dag.py:2915} INFO - Sync 1 DAGs
[2026-03-19T19:56:43.058+0000] {logging_mixin.py:151} INFO - [2026-03-19T19:56:43.058+0000] {dag.py:3696} INFO - Setting next_dagrun for ml_training_pipeline to 2026-03-19T19:52:06.533623+00:00, run_after=2026-03-20T19:52:06.533623+00:00
[2026-03-19T19:56:43.073+0000] {processor.py:179} INFO - Processing /opt/airflow/dags/ml_pipeline.py took 0.572 seconds
[2026-03-19T19:57:13.263+0000] {processor.py:157} INFO - Started process (PID=1416) to work on /opt/airflow/dags/ml_pipeline.py
[2026-03-19T19:57:13.265+0000] {processor.py:829} INFO - Processing file /opt/airflow/dags/ml_pipeline.py for tasks to queue
[2026-03-19T19:57:13.266+0000] {logging_mixin.py:151} INFO - [2026-03-19T19:57:13.265+0000] {dagbag.py:539} INFO - Filling up the DagBag from /opt/airflow/dags/ml_pipeline.py
[2026-03-19T19:57:13.742+0000] {processor.py:839} INFO - DAG(s) dict_keys(['ml_training_pipeline']) retrieved from /opt/airflow/dags/ml_pipeline.py
[2026-03-19T19:57:13.761+0000] {logging_mixin.py:151} INFO - [2026-03-19T19:57:13.761+0000] {dag.py:2915} INFO - Sync 1 DAGs
[2026-03-19T19:57:13.775+0000] {logging_mixin.py:151} INFO - [2026-03-19T19:57:13.775+0000] {dag.py:3696} INFO - Setting next_dagrun for ml_training_pipeline to 2026-03-19T19:52:06.533623+00:00, run_after=2026-03-20T19:52:06.533623+00:00
[2026-03-19T19:57:13.788+0000] {processor.py:179} INFO - Processing /opt/airflow/dags/ml_pipeline.py took 0.528 seconds
[2026-03-19T19:57:43.845+0000] {processor.py:157} INFO - Started process (PID=1465) to work on /opt/airflow/dags/ml_pipeline.py
[2026-03-19T19:57:43.846+0000] {processor.py:829} INFO - Processing file /opt/airflow/dags/ml_pipeline.py for tasks to queue
[2026-03-19T19:57:43.846+0000] {logging_mixin.py:151} INFO - [2026-03-19T19:57:43.846+0000] {dagbag.py:539} INFO - Filling up the DagBag from /opt/airflow/dags/ml_pipeline.py
[2026-03-19T19:57:44.493+0000] {processor.py:839} INFO - DAG(s) dict_keys(['ml_training_pipeline']) retrieved from /opt/airflow/dags/ml_pipeline.py
[2026-03-19T19:57:44.515+0000] {logging_mixin.py:151} INFO - [2026-03-19T19:57:44.515+0000] {dag.py:2915} INFO - Sync 1 DAGs
[2026-03-19T19:57:44.533+0000] {logging_mixin.py:151} INFO - [2026-03-19T19:57:44.533+0000] {dag.py:3696} INFO - Setting next_dagrun for ml_training_pipeline to 2026-03-19T19:52:06.533623+00:00, run_after=2026-03-20T19:52:06.533623+00:00
[2026-03-19T19:57:44.551+0000] {processor.py:179} INFO - Processing /opt/airflow/dags/ml_pipeline.py took 0.709 seconds
[2026-03-19T19:58:14.740+0000] {processor.py:157} INFO - Started process (PID=1638) to work on /opt/airflow/dags/ml_pipeline.py
[2026-03-19T19:58:14.742+0000] {processor.py:829} INFO - Processing file /opt/airflow/dags/ml_pipeline.py for tasks to queue
[2026-03-19T19:58:14.743+0000] {logging_mixin.py:151} INFO - [2026-03-19T19:58:14.743+0000] {dagbag.py:539} INFO - Filling up the DagBag from /opt/airflow/dags/ml_pipeline.py
[2026-03-19T19:58:15.243+0000] {processor.py:839} INFO - DAG(s) dict_keys(['ml_training_pipeline']) retrieved from /opt/airflow/dags/ml_pipeline.py
[2026-03-19T19:58:15.263+0000] {logging_mixin.py:151} INFO - [2026-03-19T19:58:15.263+0000] {dag.py:2915} INFO - Sync 1 DAGs
[2026-03-19T19:58:15.278+0000] {logging_mixin.py:151} INFO - [2026-03-19T19:58:15.278+0000] {dag.py:3696} INFO - Setting next_dagrun for ml_training_pipeline to 2026-03-19T19:52:06.533623+00:00, run_after=2026-03-20T19:52:06.533623+00:00
[2026-03-19T19:58:15.295+0000] {processor.py:179} INFO - Processing /opt/airflow/dags/ml_pipeline.py took 0.559 seconds
[2026-03-19T19:58:45.468+0000] {processor.py:157} INFO - Started process (PID=1682) to work on /opt/airflow/dags/ml_pipeline.py
[2026-03-19T19:58:45.470+0000] {processor.py:829} INFO - Processing file /opt/airflow/dags/ml_pipeline.py for tasks to queue
[2026-03-19T19:58:45.470+0000] {logging_mixin.py:151} INFO - [2026-03-19T19:58:45.470+0000] {dagbag.py:539} INFO - Filling up the DagBag from /opt/airflow/dags/ml_pipeline.py
[2026-03-19T19:58:45.972+0000] {processor.py:839} INFO - DAG(s) dict_keys(['ml_training_pipeline']) retrieved from /opt/airflow/dags/ml_pipeline.py
[2026-03-19T19:58:45.992+0000] {logging_mixin.py:151} INFO - [2026-03-19T19:58:45.992+0000] {dag.py:2915} INFO - Sync 1 DAGs
[2026-03-19T19:58:46.009+0000] {logging_mixin.py:151} INFO - [2026-03-19T19:58:46.009+0000] {dag.py:3696} INFO - Setting next_dagrun for ml_training_pipeline to 2026-03-19T19:52:06.533623+00:00, run_after=2026-03-20T19:52:06.533623+00:00
[2026-03-19T19:58:46.025+0000] {processor.py:179} INFO - Processing /opt/airflow/dags/ml_pipeline.py took 0.559 seconds
[2026-03-19T19:59:16.227+0000] {processor.py:157} INFO - Started process (PID=1726) to work on /opt/airflow/dags/ml_pipeline.py
[2026-03-19T19:59:16.229+0000] {processor.py:829} INFO - Processing file /opt/airflow/dags/ml_pipeline.py for tasks to queue
[2026-03-19T19:59:16.230+0000] {logging_mixin.py:151} INFO - [2026-03-19T19:59:16.230+0000] {dagbag.py:539} INFO - Filling up the DagBag from /opt/airflow/dags/ml_pipeline.py
[2026-03-19T19:59:16.705+0000] {processor.py:839} INFO - DAG(s) dict_keys(['ml_training_pipeline']) retrieved from /opt/airflow/dags/ml_pipeline.py
[2026-03-19T19:59:16.726+0000] {logging_mixin.py:151} INFO - [2026-03-19T19:59:16.726+0000] {dag.py:2915} INFO - Sync 1 DAGs
[2026-03-19T19:59:16.742+0000] {logging_mixin.py:151} INFO - [2026-03-19T19:59:16.742+0000] {dag.py:3696} INFO - Setting next_dagrun for ml_training_pipeline to 2026-03-19T19:52:06.533623+00:00, run_after=2026-03-20T19:52:06.533623+00:00
[2026-03-19T19:59:16.759+0000] {processor.py:179} INFO - Processing /opt/airflow/dags/ml_pipeline.py took 0.537 seconds
[2026-03-19T19:59:46.794+0000] {processor.py:157} INFO - Started process (PID=1769) to work on /opt/airflow/dags/ml_pipeline.py
[2026-03-19T19:59:46.796+0000] {processor.py:829} INFO - Processing file /opt/airflow/dags/ml_pipeline.py for tasks to queue
[2026-03-19T19:59:46.797+0000] {logging_mixin.py:151} INFO - [2026-03-19T19:59:46.796+0000] {dagbag.py:539} INFO - Filling up the DagBag from /opt/airflow/dags/ml_pipeline.py
[2026-03-19T19:59:47.304+0000] {processor.py:839} INFO - DAG(s) dict_keys(['ml_training_pipeline']) retrieved from /opt/airflow/dags/ml_pipeline.py
[2026-03-19T19:59:47.324+0000] {logging_mixin.py:151} INFO - [2026-03-19T19:59:47.324+0000] {dag.py:2915} INFO - Sync 1 DAGs
[2026-03-19T19:59:47.337+0000] {logging_mixin.py:151} INFO - [2026-03-19T19:59:47.337+0000] {dag.py:3696} INFO - Setting next_dagrun for ml_training_pipeline to 2026-03-19T19:52:06.533623+00:00, run_after=2026-03-20T19:52:06.533623+00:00
[2026-03-19T19:59:47.349+0000] {processor.py:179} INFO - Processing /opt/airflow/dags/ml_pipeline.py took 0.558 seconds
[2026-03-19T20:00:17.540+0000] {processor.py:157} INFO - Started process (PID=1806) to work on /opt/airflow/dags/ml_pipeline.py
[2026-03-19T20:00:17.540+0000] {processor.py:829} INFO - Processing file /opt/airflow/dags/ml_pipeline.py for tasks to queue
[2026-03-19T20:00:17.541+0000] {logging_mixin.py:151} INFO - [2026-03-19T20:00:17.541+0000] {dagbag.py:539} INFO - Filling up the DagBag from /opt/airflow/dags/ml_pipeline.py
[2026-03-19T20:00:18.025+0000] {processor.py:839} INFO - DAG(s) dict_keys(['ml_training_pipeline']) retrieved from /opt/airflow/dags/ml_pipeline.py
[2026-03-19T20:00:18.045+0000] {logging_mixin.py:151} INFO - [2026-03-19T20:00:18.045+0000] {dag.py:2915} INFO - Sync 1 DAGs
[2026-03-19T20:00:18.056+0000] {logging_mixin.py:151} INFO - [2026-03-19T20:00:18.056+0000] {dag.py:3696} INFO - Setting next_dagrun for ml_training_pipeline to 2026-03-19T19:52:06.533623+00:00, run_after=2026-03-20T19:52:06.533623+00:00
[2026-03-19T20:00:18.072+0000] {processor.py:179} INFO - Processing /opt/airflow/dags/ml_pipeline.py took 0.536 seconds
[2026-03-19T20:00:48.261+0000] {processor.py:157} INFO - Started process (PID=1850) to work on /opt/airflow/dags/ml_pipeline.py
[2026-03-19T20:00:48.264+0000] {processor.py:829} INFO - Processing file /opt/airflow/dags/ml_pipeline.py for tasks to queue
[2026-03-19T20:00:48.264+0000] {logging_mixin.py:151} INFO - [2026-03-19T20:00:48.264+0000] {dagbag.py:539} INFO - Filling up the DagBag from /opt/airflow/dags/ml_pipeline.py
[2026-03-19T20:00:48.769+0000] {processor.py:839} INFO - DAG(s) dict_keys(['ml_training_pipeline']) retrieved from /opt/airflow/dags/ml_pipeline.py
[2026-03-19T20:00:48.788+0000] {logging_mixin.py:151} INFO - [2026-03-19T20:00:48.788+0000] {dag.py:2915} INFO - Sync 1 DAGs
[2026-03-19T20:00:48.804+0000] {logging_mixin.py:151} INFO - [2026-03-19T20:00:48.804+0000] {dag.py:3696} INFO - Setting next_dagrun for ml_training_pipeline to 2026-03-19T19:52:06.533623+00:00, run_after=2026-03-20T19:52:06.533623+00:00
[2026-03-19T20:00:48.817+0000] {processor.py:179} INFO - Processing /opt/airflow/dags/ml_pipeline.py took 0.560 seconds
[2026-03-19T20:01:18.884+0000] {processor.py:157} INFO - Started process (PID=1894) to work on /opt/airflow/dags/ml_pipeline.py
[2026-03-19T20:01:18.885+0000] {processor.py:829} INFO - Processing file /opt/airflow/dags/ml_pipeline.py for tasks to queue
[2026-03-19T20:01:18.885+0000] {logging_mixin.py:151} INFO - [2026-03-19T20:01:18.885+0000] {dagbag.py:539} INFO - Filling up the DagBag from /opt/airflow/dags/ml_pipeline.py
[2026-03-19T20:01:19.382+0000] {processor.py:839} INFO - DAG(s) dict_keys(['ml_training_pipeline']) retrieved from /opt/airflow/dags/ml_pipeline.py
[2026-03-19T20:01:19.402+0000] {logging_mixin.py:151} INFO - [2026-03-19T20:01:19.402+0000] {dag.py:2915} INFO - Sync 1 DAGs
[2026-03-19T20:01:19.418+0000] {logging_mixin.py:151} INFO - [2026-03-19T20:01:19.418+0000] {dag.py:3696} INFO - Setting next_dagrun for ml_training_pipeline to 2026-03-19T19:52:06.533623+00:00, run_after=2026-03-20T19:52:06.533623+00:00
[2026-03-19T20:01:19.432+0000] {processor.py:179} INFO - Processing /opt/airflow/dags/ml_pipeline.py took 0.553 seconds
[2026-03-19T20:01:49.634+0000] {processor.py:157} INFO - Started process (PID=1930) to work on /opt/airflow/dags/ml_pipeline.py
[2026-03-19T20:01:49.636+0000] {processor.py:829} INFO - Processing file /opt/airflow/dags/ml_pipeline.py for tasks to queue
[2026-03-19T20:01:49.637+0000] {logging_mixin.py:151} INFO - [2026-03-19T20:01:49.637+0000] {dagbag.py:539} INFO - Filling up the DagBag from /opt/airflow/dags/ml_pipeline.py
[2026-03-19T20:01:50.131+0000] {processor.py:839} INFO - DAG(s) dict_keys(['ml_training_pipeline']) retrieved from /opt/airflow/dags/ml_pipeline.py
[2026-03-19T20:01:50.150+0000] {logging_mixin.py:151} INFO - [2026-03-19T20:01:50.149+0000] {dag.py:2915} INFO - Sync 1 DAGs
[2026-03-19T20:01:50.165+0000] {logging_mixin.py:151} INFO - [2026-03-19T20:01:50.165+0000] {dag.py:3696} INFO - Setting next_dagrun for ml_training_pipeline to 2026-03-19T19:52:06.533623+00:00, run_after=2026-03-20T19:52:06.533623+00:00
[2026-03-19T20:01:50.181+0000] {processor.py:179} INFO - Processing /opt/airflow/dags/ml_pipeline.py took 0.552 seconds
[2026-03-19T20:02:20.334+0000] {processor.py:157} INFO - Started process (PID=1974) to work on /opt/airflow/dags/ml_pipeline.py
[2026-03-19T20:02:20.335+0000] {processor.py:829} INFO - Processing file /opt/airflow/dags/ml_pipeline.py for tasks to queue
[2026-03-19T20:02:20.336+0000] {logging_mixin.py:151} INFO - [2026-03-19T20:02:20.335+0000] {dagbag.py:539} INFO - Filling up the DagBag from /opt/airflow/dags/ml_pipeline.py
[2026-03-19T20:02:20.919+0000] {processor.py:839} INFO - DAG(s) dict_keys(['ml_training_pipeline']) retrieved from /opt/airflow/dags/ml_pipeline.py
[2026-03-19T20:02:20.938+0000] {logging_mixin.py:151} INFO - [2026-03-19T20:02:20.938+0000] {dag.py:2915} INFO - Sync 1 DAGs
[2026-03-19T20:02:20.952+0000] {logging_mixin.py:151} INFO - [2026-03-19T20:02:20.952+0000] {dag.py:3696} INFO - Setting next_dagrun for ml_training_pipeline to 2026-03-19T19:52:06.533623+00:00, run_after=2026-03-20T19:52:06.533623+00:00
[2026-03-19T20:02:20.964+0000] {processor.py:179} INFO - Processing /opt/airflow/dags/ml_pipeline.py took 0.634 seconds
[2026-03-19T20:02:51.148+0000] {processor.py:157} INFO - Started process (PID=2018) to work on /opt/airflow/dags/ml_pipeline.py
[2026-03-19T20:02:51.150+0000] {processor.py:829} INFO - Processing file /opt/airflow/dags/ml_pipeline.py for tasks to queue
[2026-03-19T20:02:51.151+0000] {logging_mixin.py:151} INFO - [2026-03-19T20:02:51.150+0000] {dagbag.py:539} INFO - Filling up the DagBag from /opt/airflow/dags/ml_pipeline.py
[2026-03-19T20:02:51.630+0000] {processor.py:839} INFO - DAG(s) dict_keys(['ml_training_pipeline']) retrieved from /opt/airflow/dags/ml_pipeline.py
[2026-03-19T20:02:51.649+0000] {logging_mixin.py:151} INFO - [2026-03-19T20:02:51.649+0000] {dag.py:2915} INFO - Sync 1 DAGs
[2026-03-19T20:02:51.660+0000] {logging_mixin.py:151} INFO - [2026-03-19T20:02:51.660+0000] {dag.py:3696} INFO - Setting next_dagrun for ml_training_pipeline to 2026-03-19T19:52:06.533623+00:00, run_after=2026-03-20T19:52:06.533623+00:00
[2026-03-19T20:02:51.675+0000] {processor.py:179} INFO - Processing /opt/airflow/dags/ml_pipeline.py took 0.530 seconds
[2026-03-19T20:03:21.872+0000] {processor.py:157} INFO - Started process (PID=2062) to work on /opt/airflow/dags/ml_pipeline.py
[2026-03-19T20:03:21.873+0000] {processor.py:829} INFO - Processing file /opt/airflow/dags/ml_pipeline.py for tasks to queue
[2026-03-19T20:03:21.873+0000] {logging_mixin.py:151} INFO - [2026-03-19T20:03:21.873+0000] {dagbag.py:539} INFO - Filling up the DagBag from /opt/airflow/dags/ml_pipeline.py
[2026-03-19T20:03:22.370+0000] {processor.py:839} INFO - DAG(s) dict_keys(['ml_training_pipeline']) retrieved from /opt/airflow/dags/ml_pipeline.py
[2026-03-19T20:03:22.393+0000] {logging_mixin.py:151} INFO - [2026-03-19T20:03:22.393+0000] {dag.py:2915} INFO - Sync 1 DAGs
[2026-03-19T20:03:22.405+0000] {logging_mixin.py:151} INFO - [2026-03-19T20:03:22.405+0000] {dag.py:3696} INFO - Setting next_dagrun for ml_training_pipeline to 2026-03-19T19:52:06.533623+00:00, run_after=2026-03-20T19:52:06.533623+00:00
[2026-03-19T20:03:22.419+0000] {processor.py:179} INFO - Processing /opt/airflow/dags/ml_pipeline.py took 0.552 seconds
[2026-03-19T20:03:52.614+0000] {processor.py:157} INFO - Started process (PID=2098) to work on /opt/airflow/dags/ml_pipeline.py
[2026-03-19T20:03:52.615+0000] {processor.py:829} INFO - Processing file /opt/airflow/dags/ml_pipeline.py for tasks to queue
[2026-03-19T20:03:52.616+0000] {logging_mixin.py:151} INFO - [2026-03-19T20:03:52.616+0000] {dagbag.py:539} INFO - Filling up the DagBag from /opt/airflow/dags/ml_pipeline.py
[2026-03-19T20:03:53.116+0000] {processor.py:839} INFO - DAG(s) dict_keys(['ml_training_pipeline']) retrieved from /opt/airflow/dags/ml_pipeline.py
[2026-03-19T20:03:53.139+0000] {logging_mixin.py:151} INFO - [2026-03-19T20:03:53.139+0000] {dag.py:2915} INFO - Sync 1 DAGs
[2026-03-19T20:03:53.156+0000] {logging_mixin.py:151} INFO - [2026-03-19T20:03:53.155+0000] {dag.py:3696} INFO - Setting next_dagrun for ml_training_pipeline to 2026-03-19T19:52:06.533623+00:00, run_after=2026-03-20T19:52:06.533623+00:00
[2026-03-19T20:03:53.172+0000] {processor.py:179} INFO - Processing /opt/airflow/dags/ml_pipeline.py took 0.563 seconds
[2026-03-19T20:04:23.343+0000] {processor.py:157} INFO - Started process (PID=2142) to work on /opt/airflow/dags/ml_pipeline.py
[2026-03-19T20:04:23.344+0000] {processor.py:829} INFO - Processing file /opt/airflow/dags/ml_pipeline.py for tasks to queue
[2026-03-19T20:04:23.344+0000] {logging_mixin.py:151} INFO - [2026-03-19T20:04:23.344+0000] {dagbag.py:539} INFO - Filling up the DagBag from /opt/airflow/dags/ml_pipeline.py
[2026-03-19T20:04:23.819+0000] {processor.py:839} INFO - DAG(s) dict_keys(['ml_training_pipeline']) retrieved from /opt/airflow/dags/ml_pipeline.py
[2026-03-19T20:04:23.838+0000] {logging_mixin.py:151} INFO - [2026-03-19T20:04:23.838+0000] {dag.py:2915} INFO - Sync 1 DAGs
[2026-03-19T20:04:23.853+0000] {logging_mixin.py:151} INFO - [2026-03-19T20:04:23.853+0000] {dag.py:3696} INFO - Setting next_dagrun for ml_training_pipeline to 2026-03-19T19:52:06.533623+00:00, run_after=2026-03-20T19:52:06.533623+00:00
[2026-03-19T20:04:23.869+0000] {processor.py:179} INFO - Processing /opt/airflow/dags/ml_pipeline.py took 0.530 seconds
[2026-03-19T20:04:54.058+0000] {processor.py:157} INFO - Started process (PID=2187) to work on /opt/airflow/dags/ml_pipeline.py
[2026-03-19T20:04:54.059+0000] {processor.py:829} INFO - Processing file /opt/airflow/dags/ml_pipeline.py for tasks to queue
[2026-03-19T20:04:54.060+0000] {logging_mixin.py:151} INFO - [2026-03-19T20:04:54.059+0000] {dagbag.py:539} INFO - Filling up the DagBag from /opt/airflow/dags/ml_pipeline.py
[2026-03-19T20:04:54.539+0000] {processor.py:839} INFO - DAG(s) dict_keys(['ml_training_pipeline']) retrieved from /opt/airflow/dags/ml_pipeline.py
[2026-03-19T20:04:54.557+0000] {logging_mixin.py:151} INFO - [2026-03-19T20:04:54.557+0000] {dag.py:2915} INFO - Sync 1 DAGs
[2026-03-19T20:04:54.573+0000] {logging_mixin.py:151} INFO - [2026-03-19T20:04:54.573+0000] {dag.py:3696} INFO - Setting next_dagrun for ml_training_pipeline to 2026-03-19T19:52:06.533623+00:00, run_after=2026-03-20T19:52:06.533623+00:00
[2026-03-19T20:04:54.592+0000] {processor.py:179} INFO - Processing /opt/airflow/dags/ml_pipeline.py took 0.537 seconds
[2026-03-19T20:05:24.666+0000] {processor.py:157} INFO - Started process (PID=2230) to work on /opt/airflow/dags/ml_pipeline.py
[2026-03-19T20:05:24.667+0000] {processor.py:829} INFO - Processing file /opt/airflow/dags/ml_pipeline.py for tasks to queue
[2026-03-19T20:05:24.667+0000] {logging_mixin.py:151} INFO - [2026-03-19T20:05:24.667+0000] {dagbag.py:539} INFO - Filling up the DagBag from /opt/airflow/dags/ml_pipeline.py
[2026-03-19T20:05:25.206+0000] {processor.py:839} INFO - DAG(s) dict_keys(['ml_training_pipeline']) retrieved from /opt/airflow/dags/ml_pipeline.py
[2026-03-19T20:05:25.222+0000] {logging_mixin.py:151} INFO - [2026-03-19T20:05:25.222+0000] {dag.py:2915} INFO - Sync 1 DAGs
[2026-03-19T20:05:25.234+0000] {logging_mixin.py:151} INFO - [2026-03-19T20:05:25.233+0000] {dag.py:3696} INFO - Setting next_dagrun for ml_training_pipeline to 2026-03-19T19:52:06.533623+00:00, run_after=2026-03-20T19:52:06.533623+00:00
[2026-03-19T20:05:25.247+0000] {processor.py:179} INFO - Processing /opt/airflow/dags/ml_pipeline.py took 0.584 seconds
[2026-03-19T20:05:55.431+0000] {processor.py:157} INFO - Started process (PID=2266) to work on /opt/airflow/dags/ml_pipeline.py
[2026-03-19T20:05:55.432+0000] {processor.py:829} INFO - Processing file /opt/airflow/dags/ml_pipeline.py for tasks to queue
[2026-03-19T20:05:55.432+0000] {logging_mixin.py:151} INFO - [2026-03-19T20:05:55.432+0000] {dagbag.py:539} INFO - Filling up the DagBag from /opt/airflow/dags/ml_pipeline.py
[2026-03-19T20:05:55.931+0000] {processor.py:839} INFO - DAG(s) dict_keys(['ml_training_pipeline']) retrieved from /opt/airflow/dags/ml_pipeline.py
[2026-03-19T20:05:55.949+0000] {logging_mixin.py:151} INFO - [2026-03-19T20:05:55.948+0000] {dag.py:2915} INFO - Sync 1 DAGs
[2026-03-19T20:05:55.961+0000] {logging_mixin.py:151} INFO - [2026-03-19T20:05:55.961+0000] {dag.py:3696} INFO - Setting next_dagrun for ml_training_pipeline to 2026-03-19T19:52:06.533623+00:00, run_after=2026-03-20T19:52:06.533623+00:00
[2026-03-19T20:05:55.974+0000] {processor.py:179} INFO - Processing /opt/airflow/dags/ml_pipeline.py took 0.547 seconds
[2026-03-19T20:06:26.111+0000] {processor.py:157} INFO - Started process (PID=2310) to work on /opt/airflow/dags/ml_pipeline.py
[2026-03-19T20:06:26.114+0000] {processor.py:829} INFO - Processing file /opt/airflow/dags/ml_pipeline.py for tasks to queue
[2026-03-19T20:06:26.115+0000] {logging_mixin.py:151} INFO - [2026-03-19T20:06:26.115+0000] {dagbag.py:539} INFO - Filling up the DagBag from /opt/airflow/dags/ml_pipeline.py
[2026-03-19T20:06:26.617+0000] {processor.py:839} INFO - DAG(s) dict_keys(['ml_training_pipeline']) retrieved from /opt/airflow/dags/ml_pipeline.py
[2026-03-19T20:06:26.633+0000] {logging_mixin.py:151} INFO - [2026-03-19T20:06:26.633+0000] {dag.py:2915} INFO - Sync 1 DAGs
[2026-03-19T20:06:26.646+0000] {logging_mixin.py:151} INFO - [2026-03-19T20:06:26.645+0000] {dag.py:3696} INFO - Setting next_dagrun for ml_training_pipeline to 2026-03-19T19:52:06.533623+00:00, run_after=2026-03-20T19:52:06.533623+00:00
[2026-03-19T20:06:26.661+0000] {processor.py:179} INFO - Processing /opt/airflow/dags/ml_pipeline.py took 0.554 seconds
[2026-03-19T20:06:56.856+0000] {processor.py:157} INFO - Started process (PID=2354) to work on /opt/airflow/dags/ml_pipeline.py
[2026-03-19T20:06:56.859+0000] {processor.py:829} INFO - Processing file /opt/airflow/dags/ml_pipeline.py for tasks to queue
[2026-03-19T20:06:56.859+0000] {logging_mixin.py:151} INFO - [2026-03-19T20:06:56.859+0000] {dagbag.py:539} INFO - Filling up the DagBag from /opt/airflow/dags/ml_pipeline.py
[2026-03-19T20:06:57.378+0000] {processor.py:839} INFO - DAG(s) dict_keys(['ml_training_pipeline']) retrieved from /opt/airflow/dags/ml_pipeline.py
[2026-03-19T20:06:57.399+0000] {logging_mixin.py:151} INFO - [2026-03-19T20:06:57.398+0000] {dag.py:2915} INFO - Sync 1 DAGs
[2026-03-19T20:06:57.414+0000] {logging_mixin.py:151} INFO - [2026-03-19T20:06:57.413+0000] {dag.py:3696} INFO - Setting next_dagrun for ml_training_pipeline to 2026-03-19T19:52:06.533623+00:00, run_after=2026-03-20T19:52:06.533623+00:00
[2026-03-19T20:06:57.428+0000] {processor.py:179} INFO - Processing /opt/airflow/dags/ml_pipeline.py took 0.574 seconds
[2026-03-19T20:07:27.490+0000] {processor.py:157} INFO - Started process (PID=2390) to work on /opt/airflow/dags/ml_pipeline.py
[2026-03-19T20:07:27.491+0000] {processor.py:829} INFO - Processing file /opt/airflow/dags/ml_pipeline.py for tasks to queue
[2026-03-19T20:07:27.491+0000] {logging_mixin.py:151} INFO - [2026-03-19T20:07:27.491+0000] {dagbag.py:539} INFO - Filling up the DagBag from /opt/airflow/dags/ml_pipeline.py
[2026-03-19T20:07:28.007+0000] {processor.py:839} INFO - DAG(s) dict_keys(['ml_training_pipeline']) retrieved from /opt/airflow/dags/ml_pipeline.py
[2026-03-19T20:07:28.024+0000] {logging_mixin.py:151} INFO - [2026-03-19T20:07:28.024+0000] {dag.py:2915} INFO - Sync 1 DAGs
[2026-03-19T20:07:28.036+0000] {logging_mixin.py:151} INFO - [2026-03-19T20:07:28.036+0000] {dag.py:3696} INFO - Setting next_dagrun for ml_training_pipeline to 2026-03-19T19:52:06.533623+00:00, run_after=2026-03-20T19:52:06.533623+00:00
[2026-03-19T20:07:28.050+0000] {processor.py:179} INFO - Processing /opt/airflow/dags/ml_pipeline.py took 0.564 seconds
[2026-03-19T20:07:58.231+0000] {processor.py:157} INFO - Started process (PID=2434) to work on /opt/airflow/dags/ml_pipeline.py
[2026-03-19T20:07:58.233+0000] {processor.py:829} INFO - Processing file /opt/airflow/dags/ml_pipeline.py for tasks to queue
[2026-03-19T20:07:58.233+0000] {logging_mixin.py:151} INFO - [2026-03-19T20:07:58.233+0000] {dagbag.py:539} INFO - Filling up the DagBag from /opt/airflow/dags/ml_pipeline.py
[2026-03-19T20:07:58.711+0000] {processor.py:839} INFO - DAG(s) dict_keys(['ml_training_pipeline']) retrieved from /opt/airflow/dags/ml_pipeline.py
[2026-03-19T20:07:58.731+0000] {logging_mixin.py:151} INFO - [2026-03-19T20:07:58.730+0000] {dag.py:2915} INFO - Sync 1 DAGs
[2026-03-19T20:07:58.741+0000] {logging_mixin.py:151} INFO - [2026-03-19T20:07:58.741+0000] {dag.py:3696} INFO - Setting next_dagrun for ml_training_pipeline to 2026-03-19T19:52:06.533623+00:00, run_after=2026-03-20T19:52:06.533623+00:00
[2026-03-19T20:07:58.755+0000] {processor.py:179} INFO - Processing /opt/airflow/dags/ml_pipeline.py took 0.527 seconds
[2026-03-19T20:08:28.926+0000] {processor.py:157} INFO - Started process (PID=2478) to work on /opt/airflow/dags/ml_pipeline.py
[2026-03-19T20:08:28.927+0000] {processor.py:829} INFO - Processing file /opt/airflow/dags/ml_pipeline.py for tasks to queue
[2026-03-19T20:08:28.927+0000] {logging_mixin.py:151} INFO - [2026-03-19T20:08:28.927+0000] {dagbag.py:539} INFO - Filling up the DagBag from /opt/airflow/dags/ml_pipeline.py
[2026-03-19T20:08:29.414+0000] {processor.py:839} INFO - DAG(s) dict_keys(['ml_training_pipeline']) retrieved from /opt/airflow/dags/ml_pipeline.py
[2026-03-19T20:08:29.432+0000] {logging_mixin.py:151} INFO - [2026-03-19T20:08:29.432+0000] {dag.py:2915} INFO - Sync 1 DAGs
[2026-03-19T20:08:29.447+0000] {logging_mixin.py:151} INFO - [2026-03-19T20:08:29.447+0000] {dag.py:3696} INFO - Setting next_dagrun for ml_training_pipeline to 2026-03-19T19:52:06.533623+00:00, run_after=2026-03-20T19:52:06.533623+00:00
[2026-03-19T20:08:29.465+0000] {processor.py:179} INFO - Processing /opt/airflow/dags/ml_pipeline.py took 0.540 seconds
[2026-03-19T20:08:59.648+0000] {processor.py:157} INFO - Started process (PID=2522) to work on /opt/airflow/dags/ml_pipeline.py
[2026-03-19T20:08:59.651+0000] {processor.py:829} INFO - Processing file /opt/airflow/dags/ml_pipeline.py for tasks to queue
[2026-03-19T20:08:59.651+0000] {logging_mixin.py:151} INFO - [2026-03-19T20:08:59.651+0000] {dagbag.py:539} INFO - Filling up the DagBag from /opt/airflow/dags/ml_pipeline.py
[2026-03-19T20:09:00.126+0000] {processor.py:839} INFO - DAG(s) dict_keys(['ml_training_pipeline']) retrieved from /opt/airflow/dags/ml_pipeline.py
[2026-03-19T20:09:00.144+0000] {logging_mixin.py:151} INFO - [2026-03-19T20:09:00.144+0000] {dag.py:2915} INFO - Sync 1 DAGs
[2026-03-19T20:09:00.157+0000] {logging_mixin.py:151} INFO - [2026-03-19T20:09:00.157+0000] {dag.py:3696} INFO - Setting next_dagrun for ml_training_pipeline to 2026-03-19T19:52:06.533623+00:00, run_after=2026-03-20T19:52:06.533623+00:00
[2026-03-19T20:09:00.172+0000] {processor.py:179} INFO - Processing /opt/airflow/dags/ml_pipeline.py took 0.527 seconds
[2026-03-19T20:09:30.268+0000] {processor.py:157} INFO - Started process (PID=2558) to work on /opt/airflow/dags/ml_pipeline.py
[2026-03-19T20:09:30.271+0000] {processor.py:829} INFO - Processing file /opt/airflow/dags/ml_pipeline.py for tasks to queue
[2026-03-19T20:09:30.272+0000] {logging_mixin.py:151} INFO - [2026-03-19T20:09:30.271+0000] {dagbag.py:539} INFO - Filling up the DagBag from /opt/airflow/dags/ml_pipeline.py
[2026-03-19T20:09:30.779+0000] {processor.py:839} INFO - DAG(s) dict_keys(['ml_training_pipeline']) retrieved from /opt/airflow/dags/ml_pipeline.py
[2026-03-19T20:09:30.797+0000] {logging_mixin.py:151} INFO - [2026-03-19T20:09:30.797+0000] {dag.py:2915} INFO - Sync 1 DAGs
[2026-03-19T20:09:30.808+0000] {logging_mixin.py:151} INFO - [2026-03-19T20:09:30.808+0000] {dag.py:3696} INFO - Setting next_dagrun for ml_training_pipeline to 2026-03-19T19:52:06.533623+00:00, run_after=2026-03-20T19:52:06.533623+00:00
[2026-03-19T20:09:30.823+0000] {processor.py:179} INFO - Processing /opt/airflow/dags/ml_pipeline.py took 0.559 seconds
[2026-03-19T20:10:00.997+0000] {processor.py:157} INFO - Started process (PID=2602) to work on /opt/airflow/dags/ml_pipeline.py
[2026-03-19T20:10:00.998+0000] {processor.py:829} INFO - Processing file /opt/airflow/dags/ml_pipeline.py for tasks to queue
[2026-03-19T20:10:00.999+0000] {logging_mixin.py:151} INFO - [2026-03-19T20:10:00.998+0000] {dagbag.py:539} INFO - Filling up the DagBag from /opt/airflow/dags/ml_pipeline.py
[2026-03-19T20:10:01.499+0000] {processor.py:839} INFO - DAG(s) dict_keys(['ml_training_pipeline']) retrieved from /opt/airflow/dags/ml_pipeline.py
[2026-03-19T20:10:01.519+0000] {logging_mixin.py:151} INFO - [2026-03-19T20:10:01.519+0000] {dag.py:2915} INFO - Sync 1 DAGs
[2026-03-19T20:10:01.529+0000] {logging_mixin.py:151} INFO - [2026-03-19T20:10:01.529+0000] {dag.py:3696} INFO - Setting next_dagrun for ml_training_pipeline to 2026-03-19T19:52:06.533623+00:00, run_after=2026-03-20T19:52:06.533623+00:00
[2026-03-19T20:10:01.542+0000] {processor.py:179} INFO - Processing /opt/airflow/dags/ml_pipeline.py took 0.548 seconds
