[2026-03-19T19:37:35.443+0000] {taskinstance.py:1157} INFO - Dependencies all met for dep_context=non-requeueable deps ti=<TaskInstance: ml_training_pipeline.data_preparation manual__2026-03-19T19:37:31.769132+00:00 [queued]>
[2026-03-19T19:37:35.452+0000] {taskinstance.py:1157} INFO - Dependencies all met for dep_context=requeueable deps ti=<TaskInstance: ml_training_pipeline.data_preparation manual__2026-03-19T19:37:31.769132+00:00 [queued]>
[2026-03-19T19:37:35.452+0000] {taskinstance.py:1359} INFO - Starting attempt 1 of 2
[2026-03-19T19:37:35.466+0000] {taskinstance.py:1380} INFO - Executing <Task(BashOperator): data_preparation> on 2026-03-19 19:37:31.769132+00:00
[2026-03-19T19:37:35.474+0000] {standard_task_runner.py:57} INFO - Started process 739 to run task
[2026-03-19T19:37:35.476+0000] {standard_task_runner.py:84} INFO - Running: ['***', 'tasks', 'run', 'ml_training_pipeline', 'data_preparation', 'manual__2026-03-19T19:37:31.769132+00:00', '--job-id', '5', '--raw', '--subdir', 'DAGS_FOLDER/ml_pipeline.py', '--cfg-path', '/tmp/tmpf7dzgods']
[2026-03-19T19:37:35.478+0000] {standard_task_runner.py:85} INFO - Job 5: Subtask data_preparation
[2026-03-19T19:37:35.518+0000] {task_command.py:415} INFO - Running <TaskInstance: ml_training_pipeline.data_preparation manual__2026-03-19T19:37:31.769132+00:00 [running]> on host feb67057218a
[2026-03-19T19:37:35.584+0000] {taskinstance.py:1660} INFO - Exporting env vars: AIRFLOW_CTX_DAG_OWNER='***' AIRFLOW_CTX_DAG_ID='ml_training_pipeline' AIRFLOW_CTX_TASK_ID='data_preparation' AIRFLOW_CTX_EXECUTION_DATE='2026-03-19T19:37:31.769132+00:00' AIRFLOW_CTX_TRY_NUMBER='1' AIRFLOW_CTX_DAG_RUN_ID='manual__2026-03-19T19:37:31.769132+00:00'
[2026-03-19T19:37:35.585+0000] {subprocess.py:63} INFO - Tmp dir root location: /tmp
[2026-03-19T19:37:35.586+0000] {subprocess.py:75} INFO - Running command: ['/bin/bash', '-c', 'cd /opt/***/ml_project && dvc repro prepare']
[2026-03-19T19:37:35.598+0000] {subprocess.py:86} INFO - Output:
[2026-03-19T19:37:36.859+0000] {subprocess.py:93} INFO - ERROR: failed to reproduce 'prepare': '/opt/***/ml_project/data/prepared' is busy, it is being blocked by:
[2026-03-19T19:37:36.859+0000] {subprocess.py:93} INFO -   (PID 740): /home/***/.local/bin/dvc repro prepare
[2026-03-19T19:37:36.860+0000] {subprocess.py:93} INFO - 
[2026-03-19T19:37:36.860+0000] {subprocess.py:93} INFO - If there are no processes with such PIDs, you can manually remove '/opt/***/ml_project/.dvc/tmp/rwlock' and try again.
[2026-03-19T19:37:37.014+0000] {subprocess.py:97} INFO - Command exited with return code 255
[2026-03-19T19:37:37.024+0000] {taskinstance.py:1935} ERROR - Task failed with exception
Traceback (most recent call last):
  File "/home/airflow/.local/lib/python3.8/site-packages/airflow/operators/bash.py", line 210, in execute
    raise AirflowException(
airflow.exceptions.AirflowException: Bash command failed. The command returned a non-zero exit code 255.
[2026-03-19T19:37:37.026+0000] {taskinstance.py:1398} INFO - Marking task as UP_FOR_RETRY. dag_id=ml_training_pipeline, task_id=data_preparation, execution_date=20260319T193731, start_date=20260319T193735, end_date=20260319T193737
[2026-03-19T19:37:37.042+0000] {standard_task_runner.py:104} ERROR - Failed to execute job 5 for task data_preparation (Bash command failed. The command returned a non-zero exit code 255.; 739)
[2026-03-19T19:37:37.052+0000] {local_task_job_runner.py:228} INFO - Task exited with return code 1
[2026-03-19T19:37:37.074+0000] {taskinstance.py:2776} INFO - 0 downstream tasks scheduled from follow-on schedule check
