[2026-03-19T19:52:39.454+0000] {taskinstance.py:1157} INFO - Dependencies all met for dep_context=non-requeueable deps ti=<TaskInstance: ml_training_pipeline.model_training manual__2026-03-19T19:52:33.193947+00:00 [queued]>
[2026-03-19T19:52:39.462+0000] {taskinstance.py:1157} INFO - Dependencies all met for dep_context=requeueable deps ti=<TaskInstance: ml_training_pipeline.model_training manual__2026-03-19T19:52:33.193947+00:00 [queued]>
[2026-03-19T19:52:39.463+0000] {taskinstance.py:1359} INFO - Starting attempt 1 of 2
[2026-03-19T19:52:39.478+0000] {taskinstance.py:1380} INFO - Executing <Task(BashOperator): model_training> on 2026-03-19 19:52:33.193947+00:00
[2026-03-19T19:52:39.486+0000] {standard_task_runner.py:57} INFO - Started process 894 to run task
[2026-03-19T19:52:39.489+0000] {standard_task_runner.py:84} INFO - Running: ['***', 'tasks', 'run', 'ml_training_pipeline', 'model_training', 'manual__2026-03-19T19:52:33.193947+00:00', '--job-id', '6', '--raw', '--subdir', 'DAGS_FOLDER/ml_pipeline.py', '--cfg-path', '/tmp/tmp_rkd8lej']
[2026-03-19T19:52:39.491+0000] {standard_task_runner.py:85} INFO - Job 6: Subtask model_training
[2026-03-19T19:52:39.540+0000] {task_command.py:415} INFO - Running <TaskInstance: ml_training_pipeline.model_training manual__2026-03-19T19:52:33.193947+00:00 [running]> on host 086b84115a1e
[2026-03-19T19:52:39.627+0000] {taskinstance.py:1660} INFO - Exporting env vars: AIRFLOW_CTX_DAG_OWNER='***' AIRFLOW_CTX_DAG_ID='ml_training_pipeline' AIRFLOW_CTX_TASK_ID='model_training' AIRFLOW_CTX_EXECUTION_DATE='2026-03-19T19:52:33.193947+00:00' AIRFLOW_CTX_TRY_NUMBER='1' AIRFLOW_CTX_DAG_RUN_ID='manual__2026-03-19T19:52:33.193947+00:00'
[2026-03-19T19:52:39.628+0000] {subprocess.py:63} INFO - Tmp dir root location: /tmp
[2026-03-19T19:52:39.629+0000] {subprocess.py:75} INFO - Running command: ['/bin/bash', '-c', 'cd /opt/***/ml_project && python src/train.py data/prepared/train.csv data/prepared/test.csv data/models --ci']
[2026-03-19T19:52:39.643+0000] {subprocess.py:86} INFO - Output:
[2026-03-19T19:52:42.142+0000] {subprocess.py:93} INFO - WARNING:root:Malformed experiment '5'. Detailed error Yaml file '/opt/***/ml_project/mlruns/5/meta.yaml' does not exist.
[2026-03-19T19:52:42.142+0000] {subprocess.py:93} INFO - Traceback (most recent call last):
[2026-03-19T19:52:42.142+0000] {subprocess.py:93} INFO -   File "/home/***/.local/lib/python3.8/site-packages/mlflow/store/tracking/file_store.py", line 327, in search_experiments
[2026-03-19T19:52:42.142+0000] {subprocess.py:93} INFO -     exp = self._get_experiment(exp_id, view_type)
[2026-03-19T19:52:42.142+0000] {subprocess.py:93} INFO -   File "/home/***/.local/lib/python3.8/site-packages/mlflow/store/tracking/file_store.py", line 421, in _get_experiment
[2026-03-19T19:52:42.142+0000] {subprocess.py:93} INFO -     meta = FileStore._read_yaml(experiment_dir, FileStore.META_DATA_FILE_NAME)
[2026-03-19T19:52:42.143+0000] {subprocess.py:93} INFO -   File "/home/***/.local/lib/python3.8/site-packages/mlflow/store/tracking/file_store.py", line 1367, in _read_yaml
[2026-03-19T19:52:42.143+0000] {subprocess.py:93} INFO -     return _read_helper(root, file_name, attempts_remaining=retries)
[2026-03-19T19:52:42.143+0000] {subprocess.py:93} INFO -   File "/home/***/.local/lib/python3.8/site-packages/mlflow/store/tracking/file_store.py", line 1360, in _read_helper
[2026-03-19T19:52:42.143+0000] {subprocess.py:93} INFO -     result = read_yaml(root, file_name)
[2026-03-19T19:52:42.143+0000] {subprocess.py:93} INFO -   File "/home/***/.local/lib/python3.8/site-packages/mlflow/utils/file_utils.py", line 309, in read_yaml
[2026-03-19T19:52:42.143+0000] {subprocess.py:93} INFO -     raise MissingConfigException(f"Yaml file '{file_path}' does not exist.")
[2026-03-19T19:52:42.143+0000] {subprocess.py:93} INFO - mlflow.exceptions.MissingConfigException: Yaml file '/opt/***/ml_project/mlruns/5/meta.yaml' does not exist.
[2026-03-19T19:52:42.143+0000] {subprocess.py:93} INFO - WARNING:root:Malformed experiment '6'. Detailed error Yaml file '/opt/***/ml_project/mlruns/6/meta.yaml' does not exist.
[2026-03-19T19:52:42.143+0000] {subprocess.py:93} INFO - Traceback (most recent call last):
[2026-03-19T19:52:42.144+0000] {subprocess.py:93} INFO -   File "/home/***/.local/lib/python3.8/site-packages/mlflow/store/tracking/file_store.py", line 327, in search_experiments
[2026-03-19T19:52:42.144+0000] {subprocess.py:93} INFO -     exp = self._get_experiment(exp_id, view_type)
[2026-03-19T19:52:42.144+0000] {subprocess.py:93} INFO -   File "/home/***/.local/lib/python3.8/site-packages/mlflow/store/tracking/file_store.py", line 421, in _get_experiment
[2026-03-19T19:52:42.144+0000] {subprocess.py:93} INFO -     meta = FileStore._read_yaml(experiment_dir, FileStore.META_DATA_FILE_NAME)
[2026-03-19T19:52:42.144+0000] {subprocess.py:93} INFO -   File "/home/***/.local/lib/python3.8/site-packages/mlflow/store/tracking/file_store.py", line 1367, in _read_yaml
[2026-03-19T19:52:42.144+0000] {subprocess.py:93} INFO -     return _read_helper(root, file_name, attempts_remaining=retries)
[2026-03-19T19:52:42.144+0000] {subprocess.py:93} INFO -   File "/home/***/.local/lib/python3.8/site-packages/mlflow/store/tracking/file_store.py", line 1360, in _read_helper
[2026-03-19T19:52:42.145+0000] {subprocess.py:93} INFO -     result = read_yaml(root, file_name)
[2026-03-19T19:52:42.145+0000] {subprocess.py:93} INFO -   File "/home/***/.local/lib/python3.8/site-packages/mlflow/utils/file_utils.py", line 309, in read_yaml
[2026-03-19T19:52:42.145+0000] {subprocess.py:93} INFO -     raise MissingConfigException(f"Yaml file '{file_path}' does not exist.")
[2026-03-19T19:52:42.145+0000] {subprocess.py:93} INFO - mlflow.exceptions.MissingConfigException: Yaml file '/opt/***/ml_project/mlruns/6/meta.yaml' does not exist.
[2026-03-19T19:52:42.145+0000] {subprocess.py:93} INFO - WARNING:root:Malformed experiment '7'. Detailed error Yaml file '/opt/***/ml_project/mlruns/7/meta.yaml' does not exist.
[2026-03-19T19:52:42.145+0000] {subprocess.py:93} INFO - Traceback (most recent call last):
[2026-03-19T19:52:42.145+0000] {subprocess.py:93} INFO -   File "/home/***/.local/lib/python3.8/site-packages/mlflow/store/tracking/file_store.py", line 327, in search_experiments
[2026-03-19T19:52:42.145+0000] {subprocess.py:93} INFO -     exp = self._get_experiment(exp_id, view_type)
[2026-03-19T19:52:42.145+0000] {subprocess.py:93} INFO -   File "/home/***/.local/lib/python3.8/site-packages/mlflow/store/tracking/file_store.py", line 421, in _get_experiment
[2026-03-19T19:52:42.146+0000] {subprocess.py:93} INFO -     meta = FileStore._read_yaml(experiment_dir, FileStore.META_DATA_FILE_NAME)
[2026-03-19T19:52:42.146+0000] {subprocess.py:93} INFO -   File "/home/***/.local/lib/python3.8/site-packages/mlflow/store/tracking/file_store.py", line 1367, in _read_yaml
[2026-03-19T19:52:42.146+0000] {subprocess.py:93} INFO -     return _read_helper(root, file_name, attempts_remaining=retries)
[2026-03-19T19:52:42.146+0000] {subprocess.py:93} INFO -   File "/home/***/.local/lib/python3.8/site-packages/mlflow/store/tracking/file_store.py", line 1360, in _read_helper
[2026-03-19T19:52:42.146+0000] {subprocess.py:93} INFO -     result = read_yaml(root, file_name)
[2026-03-19T19:52:42.146+0000] {subprocess.py:93} INFO -   File "/home/***/.local/lib/python3.8/site-packages/mlflow/utils/file_utils.py", line 309, in read_yaml
[2026-03-19T19:52:42.146+0000] {subprocess.py:93} INFO -     raise MissingConfigException(f"Yaml file '{file_path}' does not exist.")
[2026-03-19T19:52:42.146+0000] {subprocess.py:93} INFO - mlflow.exceptions.MissingConfigException: Yaml file '/opt/***/ml_project/mlruns/7/meta.yaml' does not exist.
[2026-03-19T19:52:42.146+0000] {subprocess.py:93} INFO - 2026/03/19 19:52:42 INFO mlflow.tracking.fluent: Experiment with name 'XGBoost Stroke Prediction 2' does not exist. Creating a new experiment.
[2026-03-19T19:52:42.147+0000] {subprocess.py:93} INFO - WARNING:root:Malformed experiment '5'. Detailed error Yaml file '/opt/***/ml_project/mlruns/5/meta.yaml' does not exist.
[2026-03-19T19:52:42.147+0000] {subprocess.py:93} INFO - Traceback (most recent call last):
[2026-03-19T19:52:42.147+0000] {subprocess.py:93} INFO -   File "/home/***/.local/lib/python3.8/site-packages/mlflow/store/tracking/file_store.py", line 327, in search_experiments
[2026-03-19T19:52:42.147+0000] {subprocess.py:93} INFO -     exp = self._get_experiment(exp_id, view_type)
[2026-03-19T19:52:42.147+0000] {subprocess.py:93} INFO -   File "/home/***/.local/lib/python3.8/site-packages/mlflow/store/tracking/file_store.py", line 421, in _get_experiment
[2026-03-19T19:52:42.147+0000] {subprocess.py:93} INFO -     meta = FileStore._read_yaml(experiment_dir, FileStore.META_DATA_FILE_NAME)
[2026-03-19T19:52:42.147+0000] {subprocess.py:93} INFO -   File "/home/***/.local/lib/python3.8/site-packages/mlflow/store/tracking/file_store.py", line 1367, in _read_yaml
[2026-03-19T19:52:42.147+0000] {subprocess.py:93} INFO -     return _read_helper(root, file_name, attempts_remaining=retries)
[2026-03-19T19:52:42.147+0000] {subprocess.py:93} INFO -   File "/home/***/.local/lib/python3.8/site-packages/mlflow/store/tracking/file_store.py", line 1360, in _read_helper
[2026-03-19T19:52:42.148+0000] {subprocess.py:93} INFO -     result = read_yaml(root, file_name)
[2026-03-19T19:52:42.148+0000] {subprocess.py:93} INFO -   File "/home/***/.local/lib/python3.8/site-packages/mlflow/utils/file_utils.py", line 309, in read_yaml
[2026-03-19T19:52:42.148+0000] {subprocess.py:93} INFO -     raise MissingConfigException(f"Yaml file '{file_path}' does not exist.")
[2026-03-19T19:52:42.148+0000] {subprocess.py:93} INFO - mlflow.exceptions.MissingConfigException: Yaml file '/opt/***/ml_project/mlruns/5/meta.yaml' does not exist.
[2026-03-19T19:52:42.148+0000] {subprocess.py:93} INFO - WARNING:root:Malformed experiment '6'. Detailed error Yaml file '/opt/***/ml_project/mlruns/6/meta.yaml' does not exist.
[2026-03-19T19:52:42.148+0000] {subprocess.py:93} INFO - Traceback (most recent call last):
[2026-03-19T19:52:42.148+0000] {subprocess.py:93} INFO -   File "/home/***/.local/lib/python3.8/site-packages/mlflow/store/tracking/file_store.py", line 327, in search_experiments
[2026-03-19T19:52:42.148+0000] {subprocess.py:93} INFO -     exp = self._get_experiment(exp_id, view_type)
[2026-03-19T19:52:42.148+0000] {subprocess.py:93} INFO -   File "/home/***/.local/lib/python3.8/site-packages/mlflow/store/tracking/file_store.py", line 421, in _get_experiment
[2026-03-19T19:52:42.148+0000] {subprocess.py:93} INFO -     meta = FileStore._read_yaml(experiment_dir, FileStore.META_DATA_FILE_NAME)
[2026-03-19T19:52:42.149+0000] {subprocess.py:93} INFO -   File "/home/***/.local/lib/python3.8/site-packages/mlflow/store/tracking/file_store.py", line 1367, in _read_yaml
[2026-03-19T19:52:42.149+0000] {subprocess.py:93} INFO -     return _read_helper(root, file_name, attempts_remaining=retries)
[2026-03-19T19:52:42.149+0000] {subprocess.py:93} INFO -   File "/home/***/.local/lib/python3.8/site-packages/mlflow/store/tracking/file_store.py", line 1360, in _read_helper
[2026-03-19T19:52:42.149+0000] {subprocess.py:93} INFO -     result = read_yaml(root, file_name)
[2026-03-19T19:52:42.149+0000] {subprocess.py:93} INFO -   File "/home/***/.local/lib/python3.8/site-packages/mlflow/utils/file_utils.py", line 309, in read_yaml
[2026-03-19T19:52:42.149+0000] {subprocess.py:93} INFO -     raise MissingConfigException(f"Yaml file '{file_path}' does not exist.")
[2026-03-19T19:52:42.149+0000] {subprocess.py:93} INFO - mlflow.exceptions.MissingConfigException: Yaml file '/opt/***/ml_project/mlruns/6/meta.yaml' does not exist.
[2026-03-19T19:52:42.149+0000] {subprocess.py:93} INFO - WARNING:root:Malformed experiment '7'. Detailed error Yaml file '/opt/***/ml_project/mlruns/7/meta.yaml' does not exist.
[2026-03-19T19:52:42.149+0000] {subprocess.py:93} INFO - Traceback (most recent call last):
[2026-03-19T19:52:42.150+0000] {subprocess.py:93} INFO -   File "/home/***/.local/lib/python3.8/site-packages/mlflow/store/tracking/file_store.py", line 327, in search_experiments
[2026-03-19T19:52:42.150+0000] {subprocess.py:93} INFO -     exp = self._get_experiment(exp_id, view_type)
[2026-03-19T19:52:42.150+0000] {subprocess.py:93} INFO -   File "/home/***/.local/lib/python3.8/site-packages/mlflow/store/tracking/file_store.py", line 421, in _get_experiment
[2026-03-19T19:52:42.150+0000] {subprocess.py:93} INFO -     meta = FileStore._read_yaml(experiment_dir, FileStore.META_DATA_FILE_NAME)
[2026-03-19T19:52:42.150+0000] {subprocess.py:93} INFO -   File "/home/***/.local/lib/python3.8/site-packages/mlflow/store/tracking/file_store.py", line 1367, in _read_yaml
[2026-03-19T19:52:42.150+0000] {subprocess.py:93} INFO -     return _read_helper(root, file_name, attempts_remaining=retries)
[2026-03-19T19:52:42.150+0000] {subprocess.py:93} INFO -   File "/home/***/.local/lib/python3.8/site-packages/mlflow/store/tracking/file_store.py", line 1360, in _read_helper
[2026-03-19T19:52:42.150+0000] {subprocess.py:93} INFO -     result = read_yaml(root, file_name)
[2026-03-19T19:52:42.151+0000] {subprocess.py:93} INFO -   File "/home/***/.local/lib/python3.8/site-packages/mlflow/utils/file_utils.py", line 309, in read_yaml
[2026-03-19T19:52:42.151+0000] {subprocess.py:93} INFO -     raise MissingConfigException(f"Yaml file '{file_path}' does not exist.")
[2026-03-19T19:52:42.151+0000] {subprocess.py:93} INFO - mlflow.exceptions.MissingConfigException: Yaml file '/opt/***/ml_project/mlruns/7/meta.yaml' does not exist.
[2026-03-19T19:52:42.151+0000] {subprocess.py:93} INFO - Traceback (most recent call last):
[2026-03-19T19:52:42.151+0000] {subprocess.py:93} INFO -   File "src/train.py", line 252, in <module>
[2026-03-19T19:52:42.151+0000] {subprocess.py:93} INFO -     main(args)
[2026-03-19T19:52:42.151+0000] {subprocess.py:93} INFO -   File "src/train.py", line 136, in main
[2026-03-19T19:52:42.151+0000] {subprocess.py:93} INFO -     mlflow.set_experiment("XGBoost Stroke Prediction 2")
[2026-03-19T19:52:42.151+0000] {subprocess.py:93} INFO -   File "/home/***/.local/lib/python3.8/site-packages/mlflow/tracking/fluent.py", line 154, in set_experiment
[2026-03-19T19:52:42.151+0000] {subprocess.py:93} INFO -     experiment_id = client.create_experiment(experiment_name)
[2026-03-19T19:52:42.152+0000] {subprocess.py:93} INFO -   File "/home/***/.local/lib/python3.8/site-packages/mlflow/tracking/client.py", line 1310, in create_experiment
[2026-03-19T19:52:42.152+0000] {subprocess.py:93} INFO -     return self._tracking_client.create_experiment(name, artifact_location, tags)
[2026-03-19T19:52:42.152+0000] {subprocess.py:93} INFO -   File "/home/***/.local/lib/python3.8/site-packages/mlflow/tracking/_tracking_service/client.py", line 518, in create_experiment
[2026-03-19T19:52:42.152+0000] {subprocess.py:93} INFO -     return self.store.create_experiment(
[2026-03-19T19:52:42.152+0000] {subprocess.py:93} INFO -   File "/home/***/.local/lib/python3.8/site-packages/mlflow/store/tracking/file_store.py", line 405, in create_experiment
[2026-03-19T19:52:42.152+0000] {subprocess.py:93} INFO -     self._validate_experiment_does_not_exist(name)
[2026-03-19T19:52:42.152+0000] {subprocess.py:93} INFO -   File "/home/***/.local/lib/python3.8/site-packages/mlflow/store/tracking/file_store.py", line 397, in _validate_experiment_does_not_exist
[2026-03-19T19:52:42.152+0000] {subprocess.py:93} INFO -     raise MlflowException(
[2026-03-19T19:52:42.152+0000] {subprocess.py:93} INFO - mlflow.exceptions.MlflowException: Experiment 'XGBoost Stroke Prediction 2' already exists.
[2026-03-19T19:52:42.495+0000] {subprocess.py:97} INFO - Command exited with return code 1
[2026-03-19T19:52:42.504+0000] {taskinstance.py:1935} ERROR - Task failed with exception
Traceback (most recent call last):
  File "/home/airflow/.local/lib/python3.8/site-packages/airflow/operators/bash.py", line 210, in execute
    raise AirflowException(
airflow.exceptions.AirflowException: Bash command failed. The command returned a non-zero exit code 1.
[2026-03-19T19:52:42.507+0000] {taskinstance.py:1398} INFO - Marking task as UP_FOR_RETRY. dag_id=ml_training_pipeline, task_id=model_training, execution_date=20260319T195233, start_date=20260319T195239, end_date=20260319T195242
[2026-03-19T19:52:42.525+0000] {standard_task_runner.py:104} ERROR - Failed to execute job 6 for task model_training (Bash command failed. The command returned a non-zero exit code 1.; 894)
[2026-03-19T19:52:42.550+0000] {local_task_job_runner.py:228} INFO - Task exited with return code 1
[2026-03-19T19:52:42.570+0000] {taskinstance.py:2776} INFO - 0 downstream tasks scheduled from follow-on schedule check
