[2026-03-19T19:29:15.407+0000] {manager.py:487} INFO - Processing files using up to 2 processes at a time 
[2026-03-19T19:29:15.407+0000] {manager.py:488} INFO - Process each file at most once every 30 seconds
[2026-03-19T19:29:15.407+0000] {manager.py:489} INFO - Checking for new files in /opt/airflow/dags every 300 seconds
[2026-03-19T19:29:15.407+0000] {manager.py:759} INFO - Searching for files in /opt/airflow/dags
[2026-03-19T19:29:15.408+0000] {manager.py:762} INFO - There are 1 files in /opt/airflow/dags
[2026-03-19T19:29:15.519+0000] {manager.py:893} INFO - 
================================================================================
DAG File Processing Stats

File Path                           PID  Runtime      # DAGs    # Errors  Last Runtime    Last Run
--------------------------------  -----  ---------  --------  ----------  --------------  ----------
/opt/airflow/dags/ml_pipeline.py    171  0.04s             0           0
================================================================================
[2026-03-19T19:29:45.667+0000] {manager.py:893} INFO - 
================================================================================
DAG File Processing Stats

File Path                           PID  Runtime      # DAGs    # Errors  Last Runtime    Last Run
--------------------------------  -----  ---------  --------  ----------  --------------  -------------------
/opt/airflow/dags/ml_pipeline.py    201  0.01s             0           1  0.06s           2026-03-19T19:29:15
================================================================================
[2026-03-19T19:30:15.854+0000] {manager.py:893} INFO - 
================================================================================
DAG File Processing Stats

File Path                           PID  Runtime      # DAGs    # Errors  Last Runtime    Last Run
--------------------------------  -----  ---------  --------  ----------  --------------  -------------------
/opt/airflow/dags/ml_pipeline.py    230  0.00s             0           1  0.04s           2026-03-19T19:29:45
================================================================================
[2026-03-19T19:30:46.031+0000] {manager.py:893} INFO - 
================================================================================
DAG File Processing Stats

File Path                           PID  Runtime      # DAGs    # Errors  Last Runtime    Last Run
--------------------------------  -----  ---------  --------  ----------  --------------  -------------------
/opt/airflow/dags/ml_pipeline.py    251  0.01s             0           1  0.05s           2026-03-19T19:30:15
================================================================================
[2026-03-19T19:31:06.538+0000] {manager.py:469} INFO - Exiting gracefully upon receiving signal 15
[2026-03-19T19:32:36.487+0000] {manager.py:487} INFO - Processing files using up to 2 processes at a time 
[2026-03-19T19:32:36.487+0000] {manager.py:488} INFO - Process each file at most once every 30 seconds
[2026-03-19T19:32:36.487+0000] {manager.py:489} INFO - Checking for new files in /opt/airflow/dags every 300 seconds
[2026-03-19T19:32:36.488+0000] {manager.py:759} INFO - Searching for files in /opt/airflow/dags
[2026-03-19T19:32:36.488+0000] {manager.py:762} INFO - There are 1 files in /opt/airflow/dags
[2026-03-19T19:32:36.581+0000] {manager.py:893} INFO - 
================================================================================
DAG File Processing Stats

File Path                           PID  Runtime      # DAGs    # Errors  Last Runtime    Last Run
--------------------------------  -----  ---------  --------  ----------  --------------  ----------
/opt/airflow/dags/ml_pipeline.py    263  0.03s             0           0
================================================================================
[2026-03-19T19:33:06.739+0000] {manager.py:893} INFO - 
================================================================================
DAG File Processing Stats

File Path                         PID    Runtime      # DAGs    # Errors  Last Runtime    Last Run
--------------------------------  -----  ---------  --------  ----------  --------------  -------------------
/opt/airflow/dags/ml_pipeline.py                           1           0  2.13s           2026-03-19T19:32:38
================================================================================
[2026-03-19T19:33:36.997+0000] {manager.py:893} INFO - 
================================================================================
DAG File Processing Stats

File Path                         PID    Runtime      # DAGs    # Errors  Last Runtime    Last Run
--------------------------------  -----  ---------  --------  ----------  --------------  -------------------
/opt/airflow/dags/ml_pipeline.py                           1           0  0.59s           2026-03-19T19:33:09
================================================================================
[2026-03-19T19:34:07.175+0000] {manager.py:893} INFO - 
================================================================================
DAG File Processing Stats

File Path                         PID    Runtime      # DAGs    # Errors  Last Runtime    Last Run
--------------------------------  -----  ---------  --------  ----------  --------------  -------------------
/opt/airflow/dags/ml_pipeline.py                           1           0  0.59s           2026-03-19T19:33:40
================================================================================
[2026-03-19T19:34:37.401+0000] {manager.py:893} INFO - 
================================================================================
DAG File Processing Stats

File Path                         PID    Runtime      # DAGs    # Errors  Last Runtime    Last Run
--------------------------------  -----  ---------  --------  ----------  --------------  -------------------
/opt/airflow/dags/ml_pipeline.py                           1           0  0.58s           2026-03-19T19:34:10
================================================================================
[2026-03-19T19:35:07.549+0000] {manager.py:893} INFO - 
================================================================================
DAG File Processing Stats

File Path                         PID    Runtime      # DAGs    # Errors  Last Runtime    Last Run
--------------------------------  -----  ---------  --------  ----------  --------------  -------------------
/opt/airflow/dags/ml_pipeline.py                           1           0  0.54s           2026-03-19T19:34:41
================================================================================
[2026-03-19T19:35:37.877+0000] {manager.py:893} INFO - 
================================================================================
DAG File Processing Stats

File Path                         PID    Runtime      # DAGs    # Errors  Last Runtime    Last Run
--------------------------------  -----  ---------  --------  ----------  --------------  -------------------
/opt/airflow/dags/ml_pipeline.py                           1           0  0.54s           2026-03-19T19:35:12
================================================================================
[2026-03-19T19:36:08.054+0000] {manager.py:893} INFO - 
================================================================================
DAG File Processing Stats

File Path                         PID    Runtime      # DAGs    # Errors  Last Runtime    Last Run
--------------------------------  -----  ---------  --------  ----------  --------------  -------------------
/opt/airflow/dags/ml_pipeline.py                           1           0  0.56s           2026-03-19T19:35:43
================================================================================
[2026-03-19T19:36:38.294+0000] {manager.py:893} INFO - 
================================================================================
DAG File Processing Stats

File Path                         PID    Runtime      # DAGs    # Errors  Last Runtime    Last Run
--------------------------------  -----  ---------  --------  ----------  --------------  -------------------
/opt/airflow/dags/ml_pipeline.py                           1           0  0.56s           2026-03-19T19:36:13
================================================================================
[2026-03-19T19:37:08.464+0000] {manager.py:893} INFO - 
================================================================================
DAG File Processing Stats

File Path                         PID    Runtime      # DAGs    # Errors  Last Runtime    Last Run
--------------------------------  -----  ---------  --------  ----------  --------------  -------------------
/opt/airflow/dags/ml_pipeline.py                           1           0  0.58s           2026-03-19T19:36:44
================================================================================
[2026-03-19T19:37:36.646+0000] {manager.py:759} INFO - Searching for files in /opt/airflow/dags
[2026-03-19T19:37:36.647+0000] {manager.py:762} INFO - There are 1 files in /opt/airflow/dags
[2026-03-19T19:37:38.659+0000] {manager.py:893} INFO - 
================================================================================
DAG File Processing Stats

File Path                         PID    Runtime      # DAGs    # Errors  Last Runtime    Last Run
--------------------------------  -----  ---------  --------  ----------  --------------  -------------------
/opt/airflow/dags/ml_pipeline.py                           1           0  0.54s           2026-03-19T19:37:15
================================================================================
[2026-03-19T19:38:08.828+0000] {manager.py:893} INFO - 
================================================================================
DAG File Processing Stats

File Path                         PID    Runtime      # DAGs    # Errors  Last Runtime    Last Run
--------------------------------  -----  ---------  --------  ----------  --------------  -------------------
/opt/airflow/dags/ml_pipeline.py                           1           0  0.60s           2026-03-19T19:37:45
================================================================================
[2026-03-19T19:38:39.062+0000] {manager.py:893} INFO - 
================================================================================
DAG File Processing Stats

File Path                         PID    Runtime      # DAGs    # Errors  Last Runtime    Last Run
--------------------------------  -----  ---------  --------  ----------  --------------  -------------------
/opt/airflow/dags/ml_pipeline.py                           1           0  0.57s           2026-03-19T19:38:16
================================================================================
[2026-03-19T19:39:09.216+0000] {manager.py:893} INFO - 
================================================================================
DAG File Processing Stats

File Path                         PID    Runtime      # DAGs    # Errors  Last Runtime    Last Run
--------------------------------  -----  ---------  --------  ----------  --------------  -------------------
/opt/airflow/dags/ml_pipeline.py                           1           0  0.65s           2026-03-19T19:38:47
================================================================================
[2026-03-19T19:39:39.536+0000] {manager.py:893} INFO - 
================================================================================
DAG File Processing Stats

File Path                         PID    Runtime      # DAGs    # Errors  Last Runtime    Last Run
--------------------------------  -----  ---------  --------  ----------  --------------  -------------------
/opt/airflow/dags/ml_pipeline.py                           1           0  0.54s           2026-03-19T19:39:17
================================================================================
[2026-03-19T19:40:09.674+0000] {manager.py:893} INFO - 
================================================================================
DAG File Processing Stats

File Path                         PID    Runtime      # DAGs    # Errors  Last Runtime    Last Run
--------------------------------  -----  ---------  --------  ----------  --------------  -------------------
/opt/airflow/dags/ml_pipeline.py                           1           0  0.55s           2026-03-19T19:39:48
================================================================================
[2026-03-19T19:40:39.906+0000] {manager.py:893} INFO - 
================================================================================
DAG File Processing Stats

File Path                         PID    Runtime      # DAGs    # Errors  Last Runtime    Last Run
--------------------------------  -----  ---------  --------  ----------  --------------  -------------------
/opt/airflow/dags/ml_pipeline.py                           1           0  0.63s           2026-03-19T19:40:19
================================================================================
[2026-03-19T19:41:10.068+0000] {manager.py:893} INFO - 
================================================================================
DAG File Processing Stats

File Path                         PID    Runtime      # DAGs    # Errors  Last Runtime    Last Run
--------------------------------  -----  ---------  --------  ----------  --------------  -------------------
/opt/airflow/dags/ml_pipeline.py                           1           0  0.63s           2026-03-19T19:40:50
================================================================================
[2026-03-19T19:41:40.378+0000] {manager.py:893} INFO - 
================================================================================
DAG File Processing Stats

File Path                         PID    Runtime      # DAGs    # Errors  Last Runtime    Last Run
--------------------------------  -----  ---------  --------  ----------  --------------  -------------------
/opt/airflow/dags/ml_pipeline.py                           1           0  0.54s           2026-03-19T19:41:20
================================================================================
[2026-03-19T19:42:10.536+0000] {manager.py:893} INFO - 
================================================================================
DAG File Processing Stats

File Path                         PID    Runtime      # DAGs    # Errors  Last Runtime    Last Run
--------------------------------  -----  ---------  --------  ----------  --------------  -------------------
/opt/airflow/dags/ml_pipeline.py                           1           0  0.53s           2026-03-19T19:41:51
================================================================================
[2026-03-19T19:42:36.758+0000] {manager.py:759} INFO - Searching for files in /opt/airflow/dags
[2026-03-19T19:42:36.760+0000] {manager.py:762} INFO - There are 1 files in /opt/airflow/dags
[2026-03-19T19:42:40.784+0000] {manager.py:893} INFO - 
================================================================================
DAG File Processing Stats

File Path                         PID    Runtime      # DAGs    # Errors  Last Runtime    Last Run
--------------------------------  -----  ---------  --------  ----------  --------------  -------------------
/opt/airflow/dags/ml_pipeline.py                           1           0  0.53s           2026-03-19T19:42:22
================================================================================
[2026-03-19T19:43:10.953+0000] {manager.py:893} INFO - 
================================================================================
DAG File Processing Stats

File Path                         PID    Runtime      # DAGs    # Errors  Last Runtime    Last Run
--------------------------------  -----  ---------  --------  ----------  --------------  -------------------
/opt/airflow/dags/ml_pipeline.py                           1           0  0.56s           2026-03-19T19:42:52
================================================================================
[2026-03-19T19:43:41.109+0000] {manager.py:893} INFO - 
================================================================================
DAG File Processing Stats

File Path                         PID    Runtime      # DAGs    # Errors  Last Runtime    Last Run
--------------------------------  -----  ---------  --------  ----------  --------------  -------------------
/opt/airflow/dags/ml_pipeline.py                           1           0  0.58s           2026-03-19T19:43:23
================================================================================
[2026-03-19T19:44:11.266+0000] {manager.py:893} INFO - 
================================================================================
DAG File Processing Stats

File Path                         PID    Runtime      # DAGs    # Errors  Last Runtime    Last Run
--------------------------------  -----  ---------  --------  ----------  --------------  -------------------
/opt/airflow/dags/ml_pipeline.py                           1           0  0.58s           2026-03-19T19:43:54
================================================================================
[2026-03-19T19:44:41.599+0000] {manager.py:893} INFO - 
================================================================================
DAG File Processing Stats

File Path                         PID    Runtime      # DAGs    # Errors  Last Runtime    Last Run
--------------------------------  -----  ---------  --------  ----------  --------------  -------------------
/opt/airflow/dags/ml_pipeline.py                           1           0  0.55s           2026-03-19T19:44:25
================================================================================
[2026-03-19T19:44:48.012+0000] {manager.py:469} INFO - Exiting gracefully upon receiving signal 15
[2026-03-19T19:47:59.335+0000] {manager.py:487} INFO - Processing files using up to 2 processes at a time 
[2026-03-19T19:47:59.337+0000] {manager.py:488} INFO - Process each file at most once every 30 seconds
[2026-03-19T19:47:59.337+0000] {manager.py:489} INFO - Checking for new files in /opt/airflow/dags every 300 seconds
[2026-03-19T19:47:59.337+0000] {manager.py:759} INFO - Searching for files in /opt/airflow/dags
[2026-03-19T19:47:59.339+0000] {manager.py:762} INFO - There are 1 files in /opt/airflow/dags
[2026-03-19T19:47:59.410+0000] {manager.py:893} INFO - 
================================================================================
DAG File Processing Stats

File Path                           PID  Runtime      # DAGs    # Errors  Last Runtime    Last Run
--------------------------------  -----  ---------  --------  ----------  --------------  ----------
/opt/airflow/dags/ml_pipeline.py    386  0.02s             0           0
================================================================================
[2026-03-19T19:48:29.519+0000] {manager.py:893} INFO - 
================================================================================
DAG File Processing Stats

File Path                         PID    Runtime      # DAGs    # Errors  Last Runtime    Last Run
--------------------------------  -----  ---------  --------  ----------  --------------  -------------------
/opt/airflow/dags/ml_pipeline.py                           1           0  1.54s           2026-03-19T19:48:00
================================================================================
[2026-03-19T19:48:59.634+0000] {manager.py:893} INFO - 
================================================================================
DAG File Processing Stats

File Path                         PID    Runtime      # DAGs    # Errors  Last Runtime    Last Run
--------------------------------  -----  ---------  --------  ----------  --------------  -------------------
/opt/airflow/dags/ml_pipeline.py                           1           0  0.65s           2026-03-19T19:48:31
================================================================================
[2026-03-19T19:49:29.974+0000] {manager.py:893} INFO - 
================================================================================
DAG File Processing Stats

File Path                         PID    Runtime      # DAGs    # Errors  Last Runtime    Last Run
--------------------------------  -----  ---------  --------  ----------  --------------  -------------------
/opt/airflow/dags/ml_pipeline.py                           1           0  0.55s           2026-03-19T19:49:02
================================================================================
[2026-03-19T19:50:00.157+0000] {manager.py:893} INFO - 
================================================================================
DAG File Processing Stats

File Path                         PID    Runtime      # DAGs    # Errors  Last Runtime    Last Run
--------------------------------  -----  ---------  --------  ----------  --------------  -------------------
/opt/airflow/dags/ml_pipeline.py                           1           0  0.56s           2026-03-19T19:49:33
================================================================================
[2026-03-19T19:50:30.426+0000] {manager.py:893} INFO - 
================================================================================
DAG File Processing Stats

File Path                         PID    Runtime      # DAGs    # Errors  Last Runtime    Last Run
--------------------------------  -----  ---------  --------  ----------  --------------  -------------------
/opt/airflow/dags/ml_pipeline.py                           1           0  0.54s           2026-03-19T19:50:03
================================================================================
[2026-03-19T19:51:00.589+0000] {manager.py:893} INFO - 
================================================================================
DAG File Processing Stats

File Path                         PID    Runtime      # DAGs    # Errors  Last Runtime    Last Run
--------------------------------  -----  ---------  --------  ----------  --------------  -------------------
/opt/airflow/dags/ml_pipeline.py                           1           0  0.55s           2026-03-19T19:50:34
================================================================================
[2026-03-19T19:51:31.243+0000] {manager.py:893} INFO - 
================================================================================
DAG File Processing Stats

File Path                         PID    Runtime      # DAGs    # Errors  Last Runtime    Last Run
--------------------------------  -----  ---------  --------  ----------  --------------  -------------------
/opt/airflow/dags/ml_pipeline.py                           1           0  0.55s           2026-03-19T19:51:05
================================================================================
[2026-03-19T19:52:01.456+0000] {manager.py:893} INFO - 
================================================================================
DAG File Processing Stats

File Path                         PID    Runtime      # DAGs    # Errors  Last Runtime    Last Run
--------------------------------  -----  ---------  --------  ----------  --------------  -------------------
/opt/airflow/dags/ml_pipeline.py                           1           0  0.55s           2026-03-19T19:51:35
================================================================================
[2026-03-19T19:52:31.631+0000] {manager.py:893} INFO - 
================================================================================
DAG File Processing Stats

File Path                         PID    Runtime      # DAGs    # Errors  Last Runtime    Last Run
--------------------------------  -----  ---------  --------  ----------  --------------  -------------------
/opt/airflow/dags/ml_pipeline.py                           1           0  0.56s           2026-03-19T19:52:06
================================================================================
[2026-03-19T19:52:59.412+0000] {manager.py:759} INFO - Searching for files in /opt/airflow/dags
[2026-03-19T19:52:59.414+0000] {manager.py:762} INFO - There are 1 files in /opt/airflow/dags
[2026-03-19T19:53:01.811+0000] {manager.py:893} INFO - 
================================================================================
DAG File Processing Stats

File Path                         PID    Runtime      # DAGs    # Errors  Last Runtime    Last Run
--------------------------------  -----  ---------  --------  ----------  --------------  -------------------
/opt/airflow/dags/ml_pipeline.py                           1           0  0.65s           2026-03-19T19:52:37
================================================================================
[2026-03-19T19:53:31.970+0000] {manager.py:893} INFO - 
================================================================================
DAG File Processing Stats

File Path                         PID    Runtime      # DAGs    # Errors  Last Runtime    Last Run
--------------------------------  -----  ---------  --------  ----------  --------------  -------------------
/opt/airflow/dags/ml_pipeline.py                           1           0  0.56s           2026-03-19T19:53:08
================================================================================
[2026-03-19T19:54:02.317+0000] {manager.py:893} INFO - 
================================================================================
DAG File Processing Stats

File Path                         PID    Runtime      # DAGs    # Errors  Last Runtime    Last Run
--------------------------------  -----  ---------  --------  ----------  --------------  -------------------
/opt/airflow/dags/ml_pipeline.py                           1           0  0.59s           2026-03-19T19:53:38
================================================================================
[2026-03-19T19:54:32.481+0000] {manager.py:893} INFO - 
================================================================================
DAG File Processing Stats

File Path                         PID    Runtime      # DAGs    # Errors  Last Runtime    Last Run
--------------------------------  -----  ---------  --------  ----------  --------------  -------------------
/opt/airflow/dags/ml_pipeline.py                           1           0  0.62s           2026-03-19T19:54:09
================================================================================
[2026-03-19T19:55:02.840+0000] {manager.py:893} INFO - 
================================================================================
DAG File Processing Stats

File Path                         PID    Runtime      # DAGs    # Errors  Last Runtime    Last Run
--------------------------------  -----  ---------  --------  ----------  --------------  -------------------
/opt/airflow/dags/ml_pipeline.py                           1           0  0.58s           2026-03-19T19:54:40
================================================================================
[2026-03-19T19:55:32.993+0000] {manager.py:893} INFO - 
================================================================================
DAG File Processing Stats

File Path                         PID    Runtime      # DAGs    # Errors  Last Runtime    Last Run
--------------------------------  -----  ---------  --------  ----------  --------------  -------------------
/opt/airflow/dags/ml_pipeline.py                           1           0  0.57s           2026-03-19T19:55:11
================================================================================
[2026-03-19T19:56:03.276+0000] {manager.py:893} INFO - 
================================================================================
DAG File Processing Stats

File Path                         PID    Runtime      # DAGs    # Errors  Last Runtime    Last Run
--------------------------------  -----  ---------  --------  ----------  --------------  -------------------
/opt/airflow/dags/ml_pipeline.py                           1           0  0.58s           2026-03-19T19:55:41
================================================================================
[2026-03-19T19:56:33.442+0000] {manager.py:893} INFO - 
================================================================================
DAG File Processing Stats

File Path                         PID    Runtime      # DAGs    # Errors  Last Runtime    Last Run
--------------------------------  -----  ---------  --------  ----------  --------------  -------------------
/opt/airflow/dags/ml_pipeline.py                           1           0  0.56s           2026-03-19T19:56:12
================================================================================
[2026-03-19T19:57:03.608+0000] {manager.py:893} INFO - 
================================================================================
DAG File Processing Stats

File Path                         PID    Runtime      # DAGs    # Errors  Last Runtime    Last Run
--------------------------------  -----  ---------  --------  ----------  --------------  -------------------
/opt/airflow/dags/ml_pipeline.py                           1           0  0.60s           2026-03-19T19:56:43
================================================================================
[2026-03-19T19:57:33.776+0000] {manager.py:893} INFO - 
================================================================================
DAG File Processing Stats

File Path                         PID    Runtime      # DAGs    # Errors  Last Runtime    Last Run
--------------------------------  -----  ---------  --------  ----------  --------------  -------------------
/opt/airflow/dags/ml_pipeline.py                           1           0  0.55s           2026-03-19T19:57:13
================================================================================
[2026-03-19T19:57:59.630+0000] {manager.py:759} INFO - Searching for files in /opt/airflow/dags
[2026-03-19T19:57:59.632+0000] {manager.py:762} INFO - There are 1 files in /opt/airflow/dags
[2026-03-19T19:58:04.037+0000] {manager.py:893} INFO - 
================================================================================
DAG File Processing Stats

File Path                         PID    Runtime      # DAGs    # Errors  Last Runtime    Last Run
--------------------------------  -----  ---------  --------  ----------  --------------  -------------------
/opt/airflow/dags/ml_pipeline.py                           1           0  0.73s           2026-03-19T19:57:44
================================================================================
[2026-03-19T19:58:34.200+0000] {manager.py:893} INFO - 
================================================================================
DAG File Processing Stats

File Path                         PID    Runtime      # DAGs    # Errors  Last Runtime    Last Run
--------------------------------  -----  ---------  --------  ----------  --------------  -------------------
/opt/airflow/dags/ml_pipeline.py                           1           0  0.58s           2026-03-19T19:58:15
================================================================================
[2026-03-19T19:59:04.555+0000] {manager.py:893} INFO - 
================================================================================
DAG File Processing Stats

File Path                         PID    Runtime      # DAGs    # Errors  Last Runtime    Last Run
--------------------------------  -----  ---------  --------  ----------  --------------  -------------------
/opt/airflow/dags/ml_pipeline.py                           1           0  0.58s           2026-03-19T19:58:46
================================================================================
[2026-03-19T19:59:34.718+0000] {manager.py:893} INFO - 
================================================================================
DAG File Processing Stats

File Path                         PID    Runtime      # DAGs    # Errors  Last Runtime    Last Run
--------------------------------  -----  ---------  --------  ----------  --------------  -------------------
/opt/airflow/dags/ml_pipeline.py                           1           0  0.56s           2026-03-19T19:59:16
================================================================================
[2026-03-19T20:00:05.025+0000] {manager.py:893} INFO - 
================================================================================
DAG File Processing Stats

File Path                         PID    Runtime      # DAGs    # Errors  Last Runtime    Last Run
--------------------------------  -----  ---------  --------  ----------  --------------  -------------------
/opt/airflow/dags/ml_pipeline.py                           1           0  0.58s           2026-03-19T19:59:47
================================================================================
[2026-03-19T20:00:35.176+0000] {manager.py:893} INFO - 
================================================================================
DAG File Processing Stats

File Path                         PID    Runtime      # DAGs    # Errors  Last Runtime    Last Run
--------------------------------  -----  ---------  --------  ----------  --------------  -------------------
/opt/airflow/dags/ml_pipeline.py                           1           0  0.56s           2026-03-19T20:00:18
================================================================================
[2026-03-19T20:01:05.793+0000] {manager.py:893} INFO - 
================================================================================
DAG File Processing Stats

File Path                         PID    Runtime      # DAGs    # Errors  Last Runtime    Last Run
--------------------------------  -----  ---------  --------  ----------  --------------  -------------------
/opt/airflow/dags/ml_pipeline.py                           1           0  0.58s           2026-03-19T20:00:48
================================================================================
[2026-03-19T20:01:36.075+0000] {manager.py:893} INFO - 
================================================================================
DAG File Processing Stats

File Path                         PID    Runtime      # DAGs    # Errors  Last Runtime    Last Run
--------------------------------  -----  ---------  --------  ----------  --------------  -------------------
/opt/airflow/dags/ml_pipeline.py                           1           0  0.58s           2026-03-19T20:01:19
================================================================================
[2026-03-19T20:02:06.233+0000] {manager.py:893} INFO - 
================================================================================
DAG File Processing Stats

File Path                         PID    Runtime      # DAGs    # Errors  Last Runtime    Last Run
--------------------------------  -----  ---------  --------  ----------  --------------  -------------------
/opt/airflow/dags/ml_pipeline.py                           1           0  0.58s           2026-03-19T20:01:50
================================================================================
[2026-03-19T20:02:36.400+0000] {manager.py:893} INFO - 
================================================================================
DAG File Processing Stats

File Path                         PID    Runtime      # DAGs    # Errors  Last Runtime    Last Run
--------------------------------  -----  ---------  --------  ----------  --------------  -------------------
/opt/airflow/dags/ml_pipeline.py                           1           0  0.66s           2026-03-19T20:02:20
================================================================================
[2026-03-19T20:02:59.729+0000] {manager.py:759} INFO - Searching for files in /opt/airflow/dags
[2026-03-19T20:02:59.732+0000] {manager.py:762} INFO - There are 1 files in /opt/airflow/dags
[2026-03-19T20:03:06.567+0000] {manager.py:893} INFO - 
================================================================================
DAG File Processing Stats

File Path                         PID    Runtime      # DAGs    # Errors  Last Runtime    Last Run
--------------------------------  -----  ---------  --------  ----------  --------------  -------------------
/opt/airflow/dags/ml_pipeline.py                           1           0  0.55s           2026-03-19T20:02:51
================================================================================
[2026-03-19T20:03:36.940+0000] {manager.py:893} INFO - 
================================================================================
DAG File Processing Stats

File Path                         PID    Runtime      # DAGs    # Errors  Last Runtime    Last Run
--------------------------------  -----  ---------  --------  ----------  --------------  -------------------
/opt/airflow/dags/ml_pipeline.py                           1           0  0.58s           2026-03-19T20:03:22
================================================================================
[2026-03-19T20:04:07.094+0000] {manager.py:893} INFO - 
================================================================================
DAG File Processing Stats

File Path                         PID    Runtime      # DAGs    # Errors  Last Runtime    Last Run
--------------------------------  -----  ---------  --------  ----------  --------------  -------------------
/opt/airflow/dags/ml_pipeline.py                           1           0  0.59s           2026-03-19T20:03:53
================================================================================
[2026-03-19T20:04:37.402+0000] {manager.py:893} INFO - 
================================================================================
DAG File Processing Stats

File Path                         PID    Runtime      # DAGs    # Errors  Last Runtime    Last Run
--------------------------------  -----  ---------  --------  ----------  --------------  -------------------
/opt/airflow/dags/ml_pipeline.py                           1           0  0.55s           2026-03-19T20:04:23
================================================================================
[2026-03-19T20:05:07.566+0000] {manager.py:893} INFO - 
================================================================================
DAG File Processing Stats

File Path                         PID    Runtime      # DAGs    # Errors  Last Runtime    Last Run
--------------------------------  -----  ---------  --------  ----------  --------------  -------------------
/opt/airflow/dags/ml_pipeline.py                           1           0  0.56s           2026-03-19T20:04:54
================================================================================
[2026-03-19T20:05:37.820+0000] {manager.py:893} INFO - 
================================================================================
DAG File Processing Stats

File Path                         PID    Runtime      # DAGs    # Errors  Last Runtime    Last Run
--------------------------------  -----  ---------  --------  ----------  --------------  -------------------
/opt/airflow/dags/ml_pipeline.py                           1           0  0.61s           2026-03-19T20:05:25
================================================================================
[2026-03-19T20:06:07.991+0000] {manager.py:893} INFO - 
================================================================================
DAG File Processing Stats

File Path                         PID    Runtime      # DAGs    # Errors  Last Runtime    Last Run
--------------------------------  -----  ---------  --------  ----------  --------------  -------------------
/opt/airflow/dags/ml_pipeline.py                           1           0  0.57s           2026-03-19T20:05:55
================================================================================
[2026-03-19T20:06:38.201+0000] {manager.py:893} INFO - 
================================================================================
DAG File Processing Stats

File Path                         PID    Runtime      # DAGs    # Errors  Last Runtime    Last Run
--------------------------------  -----  ---------  --------  ----------  --------------  -------------------
/opt/airflow/dags/ml_pipeline.py                           1           0  0.58s           2026-03-19T20:06:26
================================================================================
[2026-03-19T20:07:08.360+0000] {manager.py:893} INFO - 
================================================================================
DAG File Processing Stats

File Path                         PID    Runtime      # DAGs    # Errors  Last Runtime    Last Run
--------------------------------  -----  ---------  --------  ----------  --------------  -------------------
/opt/airflow/dags/ml_pipeline.py                           1           0  0.60s           2026-03-19T20:06:57
================================================================================
[2026-03-19T20:07:38.640+0000] {manager.py:893} INFO - 
================================================================================
DAG File Processing Stats

File Path                         PID    Runtime      # DAGs    # Errors  Last Runtime    Last Run
--------------------------------  -----  ---------  --------  ----------  --------------  -------------------
/opt/airflow/dags/ml_pipeline.py                           1           0  0.59s           2026-03-19T20:07:28
================================================================================
[2026-03-19T20:07:59.749+0000] {manager.py:759} INFO - Searching for files in /opt/airflow/dags
[2026-03-19T20:07:59.752+0000] {manager.py:762} INFO - There are 1 files in /opt/airflow/dags
[2026-03-19T20:08:08.814+0000] {manager.py:893} INFO - 
================================================================================
DAG File Processing Stats

File Path                         PID    Runtime      # DAGs    # Errors  Last Runtime    Last Run
--------------------------------  -----  ---------  --------  ----------  --------------  -------------------
/opt/airflow/dags/ml_pipeline.py                           1           0  0.55s           2026-03-19T20:07:58
================================================================================
[2026-03-19T20:08:38.972+0000] {manager.py:893} INFO - 
================================================================================
DAG File Processing Stats

File Path                         PID    Runtime      # DAGs    # Errors  Last Runtime    Last Run
--------------------------------  -----  ---------  --------  ----------  --------------  -------------------
/opt/airflow/dags/ml_pipeline.py                           1           0  0.57s           2026-03-19T20:08:29
================================================================================
[2026-03-19T20:09:09.134+0000] {manager.py:893} INFO - 
================================================================================
DAG File Processing Stats

File Path                         PID    Runtime      # DAGs    # Errors  Last Runtime    Last Run
--------------------------------  -----  ---------  --------  ----------  --------------  -------------------
/opt/airflow/dags/ml_pipeline.py                           1           0  0.55s           2026-03-19T20:09:00
================================================================================
[2026-03-19T20:09:39.393+0000] {manager.py:893} INFO - 
================================================================================
DAG File Processing Stats

File Path                         PID    Runtime      # DAGs    # Errors  Last Runtime    Last Run
--------------------------------  -----  ---------  --------  ----------  --------------  -------------------
/opt/airflow/dags/ml_pipeline.py                           1           0  0.58s           2026-03-19T20:09:30
================================================================================
[2026-03-19T20:10:09.566+0000] {manager.py:893} INFO - 
================================================================================
DAG File Processing Stats

File Path                         PID    Runtime      # DAGs    # Errors  Last Runtime    Last Run
--------------------------------  -----  ---------  --------  ----------  --------------  -------------------
/opt/airflow/dags/ml_pipeline.py                           1           0  0.57s           2026-03-19T20:10:01
================================================================================
