[2026-03-19T19:37:38.785+0000] {taskinstance.py:1157} INFO - Dependencies all met for dep_context=non-requeueable deps ti=<TaskInstance: ml_training_pipeline.model_training scheduled__2026-03-18T19:37:15.020303+00:00 [queued]>
[2026-03-19T19:37:38.792+0000] {taskinstance.py:1157} INFO - Dependencies all met for dep_context=requeueable deps ti=<TaskInstance: ml_training_pipeline.model_training scheduled__2026-03-18T19:37:15.020303+00:00 [queued]>
[2026-03-19T19:37:38.792+0000] {taskinstance.py:1359} INFO - Starting attempt 1 of 2
[2026-03-19T19:37:38.803+0000] {taskinstance.py:1380} INFO - Executing <Task(BashOperator): model_training> on 2026-03-18 19:37:15.020303+00:00
[2026-03-19T19:37:38.812+0000] {standard_task_runner.py:57} INFO - Started process 809 to run task
[2026-03-19T19:37:38.814+0000] {standard_task_runner.py:84} INFO - Running: ['***', 'tasks', 'run', 'ml_training_pipeline', 'model_training', 'scheduled__2026-03-18T19:37:15.020303+00:00', '--job-id', '6', '--raw', '--subdir', 'DAGS_FOLDER/ml_pipeline.py', '--cfg-path', '/tmp/tmp3qsljsuq']
[2026-03-19T19:37:38.816+0000] {standard_task_runner.py:85} INFO - Job 6: Subtask model_training
[2026-03-19T19:37:38.857+0000] {task_command.py:415} INFO - Running <TaskInstance: ml_training_pipeline.model_training scheduled__2026-03-18T19:37:15.020303+00:00 [running]> on host feb67057218a
[2026-03-19T19:37:38.927+0000] {taskinstance.py:1660} INFO - Exporting env vars: AIRFLOW_CTX_DAG_OWNER='***' AIRFLOW_CTX_DAG_ID='ml_training_pipeline' AIRFLOW_CTX_TASK_ID='model_training' AIRFLOW_CTX_EXECUTION_DATE='2026-03-18T19:37:15.020303+00:00' AIRFLOW_CTX_TRY_NUMBER='1' AIRFLOW_CTX_DAG_RUN_ID='scheduled__2026-03-18T19:37:15.020303+00:00'
[2026-03-19T19:37:38.929+0000] {subprocess.py:63} INFO - Tmp dir root location: /tmp
[2026-03-19T19:37:38.929+0000] {subprocess.py:75} INFO - Running command: ['/bin/bash', '-c', 'cd /opt/***/ml_project && python src/train.py data/prepared/train.csv data/prepared/test.csv data/models --ci']
[2026-03-19T19:37:38.943+0000] {subprocess.py:86} INFO - Output:
[2026-03-19T19:37:40.487+0000] {subprocess.py:93} INFO - Traceback (most recent call last):
[2026-03-19T19:37:40.488+0000] {subprocess.py:93} INFO -   File "src/train.py", line 9, in <module>
[2026-03-19T19:37:40.488+0000] {subprocess.py:93} INFO -     from imblearn.pipeline import Pipeline as ImbPipeline
[2026-03-19T19:37:40.488+0000] {subprocess.py:93} INFO - ModuleNotFoundError: No module named 'imblearn'
[2026-03-19T19:37:40.637+0000] {subprocess.py:97} INFO - Command exited with return code 1
[2026-03-19T19:37:40.646+0000] {taskinstance.py:1935} ERROR - Task failed with exception
Traceback (most recent call last):
  File "/home/airflow/.local/lib/python3.8/site-packages/airflow/operators/bash.py", line 210, in execute
    raise AirflowException(
airflow.exceptions.AirflowException: Bash command failed. The command returned a non-zero exit code 1.
[2026-03-19T19:37:40.648+0000] {taskinstance.py:1398} INFO - Marking task as UP_FOR_RETRY. dag_id=ml_training_pipeline, task_id=model_training, execution_date=20260318T193715, start_date=20260319T193738, end_date=20260319T193740
[2026-03-19T19:37:40.659+0000] {standard_task_runner.py:104} ERROR - Failed to execute job 6 for task model_training (Bash command failed. The command returned a non-zero exit code 1.; 809)
[2026-03-19T19:37:40.672+0000] {local_task_job_runner.py:228} INFO - Task exited with return code 1
[2026-03-19T19:37:40.695+0000] {taskinstance.py:2776} INFO - 0 downstream tasks scheduled from follow-on schedule check
